{"/home/travis/build/npmtest/node-npmtest-brand-colors/test.js":{"path":"/home/travis/build/npmtest/node-npmtest-brand-colors/test.js","s":{"1":2,"2":2,"3":2,"4":2,"5":2,"6":2,"7":2,"8":1,"9":2,"10":2,"11":1,"12":1,"13":1,"14":1,"15":2,"16":2,"17":2,"18":2,"19":1,"20":1,"21":2,"22":2,"23":2,"24":1,"25":1,"26":1,"27":1,"28":1,"29":1,"30":1,"31":1,"32":1,"33":1,"34":1,"35":1,"36":1,"37":1,"38":1,"39":2,"40":2,"41":1,"42":2,"43":2,"44":1,"45":2,"46":2,"47":1,"48":2,"49":2,"50":1,"51":1,"52":1,"53":1,"54":1},"b":{"1":[2,1,1,1],"2":[1,1,1,1],"3":[1,1],"4":[1,1],"5":[1,1],"6":[1,1],"7":[1,1],"8":[1,1],"9":[1,1],"10":[1,1,1],"11":[1,1],"12":[1,1],"13":[1,1],"14":[1,1],"15":[1,1],"16":[1,1],"17":[1,1]},"f":{"1":2,"2":2,"3":2,"4":2,"5":2,"6":1,"7":1,"8":1,"9":2,"10":2,"11":2,"12":2,"13":1},"fnMap":{"1":{"name":"(anonymous_1)","line":12,"loc":{"start":{"line":12,"column":1},"end":{"line":12,"column":13}}},"2":{"name":"(anonymous_2)","line":19,"loc":{"start":{"line":19,"column":5},"end":{"line":19,"column":17}}},"3":{"name":"(anonymous_3)","line":23,"loc":{"start":{"line":23,"column":24},"end":{"line":23,"column":36}}},"4":{"name":"(anonymous_4)","line":61,"loc":{"start":{"line":61,"column":5},"end":{"line":61,"column":17}}},"5":{"name":"(anonymous_5)","line":82,"loc":{"start":{"line":82,"column":5},"end":{"line":82,"column":17}}},"6":{"name":"(anonymous_6)","line":91,"loc":{"start":{"line":91,"column":77},"end":{"line":94,"column":10}}},"7":{"name":"(anonymous_7)","line":112,"loc":{"start":{"line":112,"column":83},"end":{"line":115,"column":10}},"skip":true},"8":{"name":"(anonymous_8)","line":123,"loc":{"start":{"line":123,"column":77},"end":{"line":126,"column":10}},"skip":true},"9":{"name":"(anonymous_9)","line":139,"loc":{"start":{"line":139,"column":12},"end":{"line":139,"column":40}},"skip":true},"10":{"name":"(anonymous_10)","line":147,"loc":{"start":{"line":147,"column":77},"end":{"line":150,"column":10}},"skip":true},"11":{"name":"(anonymous_11)","line":158,"loc":{"start":{"line":158,"column":83},"end":{"line":161,"column":10}},"skip":true},"12":{"name":"(anonymous_12)","line":169,"loc":{"start":{"line":169,"column":79},"end":{"line":172,"column":10}},"skip":true},"13":{"name":"(anonymous_13)","line":180,"loc":{"start":{"line":180,"column":75},"end":{"line":183,"column":10}},"skip":true}},"statementMap":{"1":{"start":{"line":12,"column":0},"end":{"line":195,"column":5}},"2":{"start":{"line":14,"column":4},"end":{"line":14,"column":14}},"3":{"start":{"line":19,"column":4},"end":{"line":56,"column":9}},"4":{"start":{"line":21,"column":8},"end":{"line":21,"column":19}},"5":{"start":{"line":23,"column":8},"end":{"line":35,"column":13}},"6":{"start":{"line":24,"column":12},"end":{"line":34,"column":13}},"7":{"start":{"line":25,"column":16},"end":{"line":28,"column":30}},"8":{"start":{"line":30,"column":16},"end":{"line":33,"column":27}},"9":{"start":{"line":37,"column":8},"end":{"line":39,"column":21}},"10":{"start":{"line":40,"column":8},"end":{"line":53,"column":9}},"11":{"start":{"line":43,"column":12},"end":{"line":46,"column":14}},"12":{"start":{"line":47,"column":12},"end":{"line":47,"column":18}},"13":{"start":{"line":50,"column":12},"end":{"line":51,"column":46}},"14":{"start":{"line":52,"column":12},"end":{"line":52,"column":18}},"15":{"start":{"line":55,"column":8},"end":{"line":55,"column":35}},"16":{"start":{"line":61,"column":4},"end":{"line":63,"column":9}},"17":{"start":{"line":62,"column":8},"end":{"line":62,"column":15}},"18":{"start":{"line":64,"column":4},"end":{"line":77,"column":5}},"19":{"start":{"line":70,"column":8},"end":{"line":70,"column":14}},"20":{"start":{"line":76,"column":8},"end":{"line":76,"column":14}},"21":{"start":{"line":82,"column":4},"end":{"line":84,"column":9}},"22":{"start":{"line":83,"column":8},"end":{"line":83,"column":15}},"23":{"start":{"line":85,"column":4},"end":{"line":194,"column":5}},"24":{"start":{"line":91,"column":8},"end":{"line":99,"column":10}},"25":{"start":{"line":98,"column":12},"end":{"line":98,"column":35}},"26":{"start":{"line":102,"column":8},"end":{"line":104,"column":63}},"27":{"start":{"line":105,"column":8},"end":{"line":105,"column":14}},"28":{"start":{"line":112,"column":8},"end":{"line":121,"column":10},"skip":true},"29":{"start":{"line":119,"column":12},"end":{"line":119,"column":55},"skip":true},"30":{"start":{"line":120,"column":12},"end":{"line":120,"column":48},"skip":true},"31":{"start":{"line":123,"column":8},"end":{"line":136,"column":10},"skip":true},"32":{"start":{"line":130,"column":12},"end":{"line":130,"column":76},"skip":true},"33":{"start":{"line":131,"column":12},"end":{"line":131,"column":73},"skip":true},"34":{"start":{"line":132,"column":12},"end":{"line":132,"column":74},"skip":true},"35":{"start":{"line":133,"column":12},"end":{"line":133,"column":79},"skip":true},"36":{"start":{"line":134,"column":12},"end":{"line":134,"column":25},"skip":true},"37":{"start":{"line":135,"column":12},"end":{"line":135,"column":45},"skip":true},"38":{"start":{"line":138,"column":8},"end":{"line":145,"column":14},"skip":true},"39":{"start":{"line":143,"column":16},"end":{"line":143,"column":29},"skip":true},"40":{"start":{"line":144,"column":16},"end":{"line":144,"column":55},"skip":true},"41":{"start":{"line":147,"column":8},"end":{"line":156,"column":10},"skip":true},"42":{"start":{"line":154,"column":12},"end":{"line":154,"column":25},"skip":true},"43":{"start":{"line":155,"column":12},"end":{"line":155,"column":45},"skip":true},"44":{"start":{"line":158,"column":8},"end":{"line":167,"column":10},"skip":true},"45":{"start":{"line":165,"column":12},"end":{"line":165,"column":25},"skip":true},"46":{"start":{"line":166,"column":12},"end":{"line":166,"column":48},"skip":true},"47":{"start":{"line":169,"column":8},"end":{"line":178,"column":10},"skip":true},"48":{"start":{"line":176,"column":12},"end":{"line":176,"column":25},"skip":true},"49":{"start":{"line":177,"column":12},"end":{"line":177,"column":46},"skip":true},"50":{"start":{"line":180,"column":8},"end":{"line":189,"column":10},"skip":true},"51":{"start":{"line":187,"column":12},"end":{"line":187,"column":94},"skip":true},"52":{"start":{"line":188,"column":12},"end":{"line":188,"column":48},"skip":true},"53":{"start":{"line":192,"column":8},"end":{"line":192,"column":35},"skip":true},"54":{"start":{"line":193,"column":8},"end":{"line":193,"column":14},"skip":true}},"branchMap":{"1":{"line":25,"type":"binary-expr","locations":[{"start":{"line":25,"column":23},"end":{"line":25,"column":62}},{"start":{"line":26,"column":20},"end":{"line":26,"column":70}},{"start":{"line":27,"column":20},"end":{"line":27,"column":71}},{"start":{"line":28,"column":20},"end":{"line":28,"column":29}}]},"2":{"line":30,"type":"binary-expr","locations":[{"start":{"line":30,"column":23},"end":{"line":30,"column":37}},{"start":{"line":31,"column":20},"end":{"line":31,"column":61}},{"start":{"line":32,"column":20},"end":{"line":32,"column":70}},{"start":{"line":33,"column":20},"end":{"line":33,"column":26}}]},"3":{"line":37,"type":"cond-expr","locations":[{"start":{"line":38,"column":14},"end":{"line":38,"column":20}},{"start":{"line":39,"column":14},"end":{"line":39,"column":20}}]},"4":{"line":40,"type":"switch","locations":[{"start":{"line":42,"column":8},"end":{"line":47,"column":18}},{"start":{"line":49,"column":8},"end":{"line":52,"column":18}}]},"5":{"line":44,"type":"binary-expr","locations":[{"start":{"line":44,"column":16},"end":{"line":44,"column":44}},{"start":{"line":44,"column":48},"end":{"line":44,"column":66}}]},"6":{"line":50,"type":"binary-expr","locations":[{"start":{"line":50,"column":21},"end":{"line":50,"column":49}},{"start":{"line":50,"column":53},"end":{"line":50,"column":72}}]},"7":{"line":64,"type":"switch","locations":[{"start":{"line":69,"column":4},"end":{"line":70,"column":14}},{"start":{"line":75,"column":4},"end":{"line":76,"column":14}}]},"8":{"line":85,"type":"switch","locations":[{"start":{"line":90,"column":4},"end":{"line":105,"column":14}},{"start":{"line":111,"column":4},"end":{"line":193,"column":14},"skip":true}]},"9":{"line":91,"type":"binary-expr","locations":[{"start":{"line":91,"column":42},"end":{"line":91,"column":73}},{"start":{"line":91,"column":77},"end":{"line":99,"column":9}}]},"10":{"line":102,"type":"binary-expr","locations":[{"start":{"line":102,"column":18},"end":{"line":102,"column":32}},{"start":{"line":103,"column":12},"end":{"line":103,"column":53}},{"start":{"line":104,"column":12},"end":{"line":104,"column":61}}]},"11":{"line":112,"type":"binary-expr","locations":[{"start":{"line":112,"column":45},"end":{"line":112,"column":79},"skip":true},{"start":{"line":112,"column":83},"end":{"line":121,"column":9},"skip":true}]},"12":{"line":123,"type":"binary-expr","locations":[{"start":{"line":123,"column":42},"end":{"line":123,"column":73},"skip":true},{"start":{"line":123,"column":77},"end":{"line":136,"column":9},"skip":true}]},"13":{"line":138,"type":"binary-expr","locations":[{"start":{"line":138,"column":48},"end":{"line":138,"column":85},"skip":true},{"start":{"line":139,"column":12},"end":{"line":145,"column":13},"skip":true}]},"14":{"line":147,"type":"binary-expr","locations":[{"start":{"line":147,"column":42},"end":{"line":147,"column":73},"skip":true},{"start":{"line":147,"column":77},"end":{"line":156,"column":9},"skip":true}]},"15":{"line":158,"type":"binary-expr","locations":[{"start":{"line":158,"column":45},"end":{"line":158,"column":79},"skip":true},{"start":{"line":158,"column":83},"end":{"line":167,"column":9},"skip":true}]},"16":{"line":169,"type":"binary-expr","locations":[{"start":{"line":169,"column":43},"end":{"line":169,"column":75},"skip":true},{"start":{"line":169,"column":79},"end":{"line":178,"column":9},"skip":true}]},"17":{"line":180,"type":"binary-expr","locations":[{"start":{"line":180,"column":41},"end":{"line":180,"column":71},"skip":true},{"start":{"line":180,"column":75},"end":{"line":189,"column":9},"skip":true}]}},"code":["/* istanbul instrument in package npmtest_brand_colors */","/*jslint","    bitwise: true,","    browser: true,","    maxerr: 8,","    maxlen: 96,","    node: true,","    nomen: true,","    regexp: true,","    stupid: true","*/","(function () {","    'use strict';","    var local;","","","","    // run shared js-env code - pre-init","    (function () {","        // init local","        local = {};","        // init modeJs","        local.modeJs = (function () {","            try {","                return typeof navigator.userAgent === 'string' &&","                    typeof document.querySelector('body') === 'object' &&","                    typeof XMLHttpRequest.prototype.open === 'function' &&","                    'browser';","            } catch (errorCaughtBrowser) {","                return module.exports &&","                    typeof process.versions.node === 'string' &&","                    typeof require('http').createServer === 'function' &&","                    'node';","            }","        }());","        // init global","        local.global = local.modeJs === 'browser'","            ? window","            : global;","        switch (local.modeJs) {","        // re-init local from window.local","        case 'browser':","            local = local.global.utility2.objectSetDefault(","                local.global.utility2_rollup || local.global.local,","                local.global.utility2","            );","            break;","        // re-init local from example.js","        case 'node':","            local = (local.global.utility2_rollup || require('utility2'))","                .requireExampleJsFromReadme();","            break;","        }","        // export local","        local.global.local = local;","    }());","","","","    // run shared js-env code - function","    (function () {","        return;","    }());","    switch (local.modeJs) {","","","","    // run browser js-env code - function","    case 'browser':","        break;","","","","    // run node js-env code - function","    case 'node':","        break;","    }","","","","    // run shared js-env code - post-init","    (function () {","        return;","    }());","    switch (local.modeJs) {","","","","    // run browser js-env code - post-init","    case 'browser':","        local.testCase_browser_nullCase = local.testCase_browser_nullCase || function (","            options,","            onError","        ) {","        /*","         * this function will test browsers's null-case handling-behavior-behavior","         */","            onError(null, options);","        };","","        // run tests","        local.nop(local.modeTest &&","            document.querySelector('#testRunButton1') &&","            document.querySelector('#testRunButton1').click());","        break;","","","","    // run node js-env code - post-init","    /* istanbul ignore next */","    case 'node':","        local.testCase_buildApidoc_default = local.testCase_buildApidoc_default || function (","            options,","            onError","        ) {","        /*","         * this function will test buildApidoc's default handling-behavior-behavior","         */","            options = { modulePathList: module.paths };","            local.buildApidoc(options, onError);","        };","","        local.testCase_buildApp_default = local.testCase_buildApp_default || function (","            options,","            onError","        ) {","        /*","         * this function will test buildApp's default handling-behavior-behavior","         */","            local.testCase_buildReadme_default(options, local.onErrorThrow);","            local.testCase_buildLib_default(options, local.onErrorThrow);","            local.testCase_buildTest_default(options, local.onErrorThrow);","            local.testCase_buildCustomOrg_default(options, local.onErrorThrow);","            options = [];","            local.buildApp(options, onError);","        };","","        local.testCase_buildCustomOrg_default = local.testCase_buildCustomOrg_default ||","            function (options, onError) {","            /*","             * this function will test buildCustomOrg's default handling-behavior","             */","                options = {};","                local.buildCustomOrg(options, onError);","            };","","        local.testCase_buildLib_default = local.testCase_buildLib_default || function (","            options,","            onError","        ) {","        /*","         * this function will test buildLib's default handling-behavior","         */","            options = {};","            local.buildLib(options, onError);","        };","","        local.testCase_buildReadme_default = local.testCase_buildReadme_default || function (","            options,","            onError","        ) {","        /*","         * this function will test buildReadme's default handling-behavior-behavior","         */","            options = {};","            local.buildReadme(options, onError);","        };","","        local.testCase_buildTest_default = local.testCase_buildTest_default || function (","            options,","            onError","        ) {","        /*","         * this function will test buildTest's default handling-behavior","         */","            options = {};","            local.buildTest(options, onError);","        };","","        local.testCase_webpage_default = local.testCase_webpage_default || function (","            options,","            onError","        ) {","        /*","         * this function will test webpage's default handling-behavior","         */","            options = { modeCoverageMerge: true, url: local.serverLocalHost + '?modeTest=1' };","            local.browserTest(options, onError);","        };","","        // run test-server","        local.testRunServer(local);","        break;","    }","}());",""],"l":{"12":2,"14":2,"19":2,"21":2,"23":2,"24":2,"25":2,"30":1,"37":2,"40":2,"43":1,"47":1,"50":1,"52":1,"55":2,"61":2,"62":2,"64":2,"70":1,"76":1,"82":2,"83":2,"85":2,"91":1,"98":1,"102":1,"105":1,"112":1,"119":1,"120":1,"123":1,"130":1,"131":1,"132":1,"133":1,"134":1,"135":1,"138":1,"143":2,"144":2,"147":1,"154":2,"155":2,"158":1,"165":2,"166":2,"169":1,"176":2,"177":2,"180":1,"187":1,"188":1,"192":1,"193":1}},"/home/travis/build/npmtest/node-npmtest-brand-colors/lib.npmtest_brand_colors.js":{"path":"/home/travis/build/npmtest/node-npmtest-brand-colors/lib.npmtest_brand_colors.js","s":{"1":2,"2":2,"3":2,"4":2,"5":2,"6":2,"7":2,"8":1,"9":2,"10":2,"11":2,"12":2,"13":1,"14":1,"15":1,"16":1},"b":{"1":[2,1,1,1],"2":[1,1,1,1],"3":[1,1],"4":[2,2],"5":[1,1]},"f":{"1":2,"2":2,"3":2},"fnMap":{"1":{"name":"(anonymous_1)","line":12,"loc":{"start":{"line":12,"column":1},"end":{"line":12,"column":13}}},"2":{"name":"(anonymous_2)","line":19,"loc":{"start":{"line":19,"column":5},"end":{"line":19,"column":17}}},"3":{"name":"(anonymous_3)","line":23,"loc":{"start":{"line":23,"column":24},"end":{"line":23,"column":36}}}},"statementMap":{"1":{"start":{"line":12,"column":0},"end":{"line":53,"column":5}},"2":{"start":{"line":14,"column":4},"end":{"line":14,"column":14}},"3":{"start":{"line":19,"column":4},"end":{"line":52,"column":9}},"4":{"start":{"line":21,"column":8},"end":{"line":21,"column":19}},"5":{"start":{"line":23,"column":8},"end":{"line":35,"column":13}},"6":{"start":{"line":24,"column":12},"end":{"line":34,"column":13}},"7":{"start":{"line":25,"column":16},"end":{"line":28,"column":30}},"8":{"start":{"line":30,"column":16},"end":{"line":33,"column":27}},"9":{"start":{"line":37,"column":8},"end":{"line":39,"column":21}},"10":{"start":{"line":41,"column":8},"end":{"line":41,"column":54}},"11":{"start":{"line":43,"column":8},"end":{"line":43,"column":57}},"12":{"start":{"line":45,"column":8},"end":{"line":51,"column":9}},"13":{"start":{"line":46,"column":12},"end":{"line":46,"column":63}},"14":{"start":{"line":48,"column":12},"end":{"line":48,"column":35}},"15":{"start":{"line":49,"column":12},"end":{"line":49,"column":49}},"16":{"start":{"line":50,"column":12},"end":{"line":50,"column":43}}},"branchMap":{"1":{"line":25,"type":"binary-expr","locations":[{"start":{"line":25,"column":23},"end":{"line":25,"column":62}},{"start":{"line":26,"column":20},"end":{"line":26,"column":70}},{"start":{"line":27,"column":20},"end":{"line":27,"column":71}},{"start":{"line":28,"column":20},"end":{"line":28,"column":29}}]},"2":{"line":30,"type":"binary-expr","locations":[{"start":{"line":30,"column":23},"end":{"line":30,"column":37}},{"start":{"line":31,"column":20},"end":{"line":31,"column":61}},{"start":{"line":32,"column":20},"end":{"line":32,"column":70}},{"start":{"line":33,"column":20},"end":{"line":33,"column":26}}]},"3":{"line":37,"type":"cond-expr","locations":[{"start":{"line":38,"column":14},"end":{"line":38,"column":20}},{"start":{"line":39,"column":14},"end":{"line":39,"column":20}}]},"4":{"line":41,"type":"binary-expr","locations":[{"start":{"line":41,"column":16},"end":{"line":41,"column":44}},{"start":{"line":41,"column":48},"end":{"line":41,"column":53}}]},"5":{"line":45,"type":"if","locations":[{"start":{"line":45,"column":8},"end":{"line":45,"column":8}},{"start":{"line":45,"column":8},"end":{"line":45,"column":8}}]}},"code":["/* istanbul instrument in package npmtest_brand_colors */","/*jslint","    bitwise: true,","    browser: true,","    maxerr: 8,","    maxlen: 96,","    node: true,","    nomen: true,","    regexp: true,","    stupid: true","*/","(function () {","    'use strict';","    var local;","","","","    // run shared js-env code - pre-init","    (function () {","        // init local","        local = {};","        // init modeJs","        local.modeJs = (function () {","            try {","                return typeof navigator.userAgent === 'string' &&","                    typeof document.querySelector('body') === 'object' &&","                    typeof XMLHttpRequest.prototype.open === 'function' &&","                    'browser';","            } catch (errorCaughtBrowser) {","                return module.exports &&","                    typeof process.versions.node === 'string' &&","                    typeof require('http').createServer === 'function' &&","                    'node';","            }","        }());","        // init global","        local.global = local.modeJs === 'browser'","            ? window","            : global;","        // init utility2_rollup","        local = local.global.utility2_rollup || local;","        // init lib","        local.local = local.npmtest_brand_colors = local;","        // init exports","        if (local.modeJs === 'browser') {","            local.global.utility2_npmtest_brand_colors = local;","        } else {","            module.exports = local;","            module.exports.__dirname = __dirname;","            module.exports.module = module;","        }","    }());","}());",""],"l":{"12":2,"14":2,"19":2,"21":2,"23":2,"24":2,"25":2,"30":1,"37":2,"41":2,"43":2,"45":2,"46":1,"48":1,"49":1,"50":1}},"/home/travis/build/npmtest/node-npmtest-brand-colors/example.js":{"path":"/home/travis/build/npmtest/node-npmtest-brand-colors/example.js","s":{"1":2,"2":2,"3":2,"4":2,"5":2,"6":2,"7":2,"8":1,"9":2,"10":2,"11":2,"12":2,"13":1,"14":2,"15":2,"16":2,"17":2,"18":2,"19":0,"20":2,"21":1,"22":1,"23":1,"24":1,"25":1,"26":0,"27":0,"28":1,"29":1,"30":2,"31":0,"32":0,"33":0,"34":1,"35":2,"36":2,"37":3,"38":3,"39":3,"40":3,"41":0,"42":3,"43":3,"44":3,"45":1,"46":3,"47":1,"48":1,"49":1,"50":1,"51":1,"52":1,"53":1,"54":1,"55":1,"56":1,"57":0,"58":1,"59":6,"60":6,"61":1,"62":2,"63":0,"64":2,"65":1,"66":1,"67":0,"68":0,"69":0,"70":0,"71":0,"72":0,"73":0,"74":0,"75":0,"76":0,"77":0,"78":0,"79":0,"80":0,"81":0,"82":0,"83":0},"b":{"1":[2,1,1,1],"2":[1,1,1,1],"3":[1,1],"4":[2,2],"5":[1,1],"6":[1,1],"7":[2,0],"8":[2,1,1,1,1,1],"9":[0,2,0],"10":[1,1],"11":[2,1,1],"12":[1,0],"13":[0,2],"14":[2,0,0,0,0,0,0],"15":[0,3],"16":[3,0],"17":[1,1],"18":[0,1],"19":[1,2,0,2],"20":[1,0],"21":[1,1],"22":[0,0],"23":[0,0],"24":[0,0],"25":[0,0],"26":[0,0],"27":[0,0],"28":[0,0]},"f":{"1":2,"2":2,"3":2,"4":2,"5":2,"6":2,"7":3,"8":3,"9":3,"10":1,"11":6,"12":0},"fnMap":{"1":{"name":"(anonymous_1)","line":26,"loc":{"start":{"line":26,"column":1},"end":{"line":26,"column":13}}},"2":{"name":"(anonymous_2)","line":33,"loc":{"start":{"line":33,"column":5},"end":{"line":33,"column":17}}},"3":{"name":"(anonymous_3)","line":37,"loc":{"start":{"line":37,"column":24},"end":{"line":37,"column":36}}},"4":{"name":"(anonymous_4)","line":69,"loc":{"start":{"line":69,"column":31},"end":{"line":69,"column":48}},"skip":true},"5":{"name":"(anonymous_5)","line":78,"loc":{"start":{"line":78,"column":26},"end":{"line":78,"column":45}},"skip":true},"6":{"name":"(anonymous_6)","line":123,"loc":{"start":{"line":123,"column":33},"end":{"line":123,"column":48}},"skip":true},"7":{"name":"(anonymous_7)","line":125,"loc":{"start":{"line":125,"column":27},"end":{"line":125,"column":39}},"skip":true},"8":{"name":"(anonymous_8)","line":133,"loc":{"start":{"line":133,"column":59},"end":{"line":133,"column":74}},"skip":true},"9":{"name":"(anonymous_9)","line":143,"loc":{"start":{"line":143,"column":45},"end":{"line":143,"column":62}},"skip":true},"10":{"name":"(anonymous_10)","line":144,"loc":{"start":{"line":144,"column":73},"end":{"line":144,"column":92}},"skip":true},"11":{"name":"(anonymous_11)","line":272,"loc":{"start":{"line":272,"column":51},"end":{"line":272,"column":77}},"skip":true},"12":{"name":"(anonymous_12)","line":315,"loc":{"start":{"line":315,"column":32},"end":{"line":315,"column":61}},"skip":true}},"statementMap":{"1":{"start":{"line":26,"column":0},"end":{"line":326,"column":5}},"2":{"start":{"line":28,"column":4},"end":{"line":28,"column":14}},"3":{"start":{"line":33,"column":4},"end":{"line":60,"column":9}},"4":{"start":{"line":35,"column":8},"end":{"line":35,"column":19}},"5":{"start":{"line":37,"column":8},"end":{"line":49,"column":13}},"6":{"start":{"line":38,"column":12},"end":{"line":48,"column":13}},"7":{"start":{"line":39,"column":16},"end":{"line":42,"column":30}},"8":{"start":{"line":44,"column":16},"end":{"line":47,"column":27}},"9":{"start":{"line":51,"column":8},"end":{"line":53,"column":21}},"10":{"start":{"line":55,"column":8},"end":{"line":57,"column":45}},"11":{"start":{"line":59,"column":8},"end":{"line":59,"column":35}},"12":{"start":{"line":61,"column":4},"end":{"line":325,"column":5}},"13":{"start":{"line":69,"column":8},"end":{"line":121,"column":10},"skip":true},"14":{"start":{"line":70,"column":12},"end":{"line":88,"column":13},"skip":true},"15":{"start":{"line":76,"column":16},"end":{"line":87,"column":19},"skip":true},"16":{"start":{"line":79,"column":20},"end":{"line":86,"column":21},"skip":true},"17":{"start":{"line":82,"column":24},"end":{"line":82,"column":43},"skip":true},"18":{"start":{"line":83,"column":24},"end":{"line":83,"column":30},"skip":true},"19":{"start":{"line":85,"column":24},"end":{"line":85,"column":49},"skip":true},"20":{"start":{"line":89,"column":12},"end":{"line":107,"column":13},"skip":true},"21":{"start":{"line":92,"column":16},"end":{"line":102,"column":17},"skip":true},"22":{"start":{"line":93,"column":20},"end":{"line":93,"column":86},"skip":true},"23":{"start":{"line":94,"column":20},"end":{"line":95,"column":45},"skip":true},"24":{"start":{"line":96,"column":20},"end":{"line":96,"column":42},"skip":true},"25":{"start":{"line":97,"column":20},"end":{"line":97,"column":48},"skip":true},"26":{"start":{"line":100,"column":20},"end":{"line":100,"column":85},"skip":true},"27":{"start":{"line":101,"column":20},"end":{"line":101,"column":96},"skip":true},"28":{"start":{"line":103,"column":16},"end":{"line":103,"column":22},"skip":true},"29":{"start":{"line":106,"column":16},"end":{"line":106,"column":22},"skip":true},"30":{"start":{"line":108,"column":12},"end":{"line":120,"column":13},"skip":true},"31":{"start":{"line":114,"column":16},"end":{"line":119,"column":17},"skip":true},"32":{"start":{"line":116,"column":20},"end":{"line":116,"column":78},"skip":true},"33":{"start":{"line":118,"column":20},"end":{"line":118,"column":47},"skip":true},"34":{"start":{"line":123,"column":8},"end":{"line":141,"column":11},"skip":true},"35":{"start":{"line":124,"column":12},"end":{"line":124,"column":54},"skip":true},"36":{"start":{"line":125,"column":12},"end":{"line":140,"column":14},"skip":true},"37":{"start":{"line":126,"column":16},"end":{"line":126,"column":28},"skip":true},"38":{"start":{"line":127,"column":16},"end":{"line":127,"column":69},"skip":true},"39":{"start":{"line":128,"column":16},"end":{"line":128,"column":75},"skip":true},"40":{"start":{"line":129,"column":16},"end":{"line":131,"column":17},"skip":true},"41":{"start":{"line":130,"column":20},"end":{"line":130,"column":27},"skip":true},"42":{"start":{"line":133,"column":16},"end":{"line":137,"column":36},"skip":true},"43":{"start":{"line":134,"column":20},"end":{"line":136,"column":55},"skip":true},"44":{"start":{"line":139,"column":16},"end":{"line":139,"column":57},"skip":true},"45":{"start":{"line":143,"column":8},"end":{"line":147,"column":11},"skip":true},"46":{"start":{"line":144,"column":12},"end":{"line":146,"column":15},"skip":true},"47":{"start":{"line":145,"column":16},"end":{"line":145,"column":70},"skip":true},"48":{"start":{"line":149,"column":8},"end":{"line":149,"column":31},"skip":true},"49":{"start":{"line":150,"column":8},"end":{"line":150,"column":14},"skip":true},"50":{"start":{"line":158,"column":8},"end":{"line":158,"column":31},"skip":true},"51":{"start":{"line":160,"column":8},"end":{"line":160,"column":33},"skip":true},"52":{"start":{"line":161,"column":8},"end":{"line":161,"column":37},"skip":true},"53":{"start":{"line":162,"column":8},"end":{"line":162,"column":35},"skip":true},"54":{"start":{"line":164,"column":8},"end":{"line":164,"column":50},"skip":true},"55":{"start":{"line":166,"column":8},"end":{"line":256,"column":2},"skip":true},"56":{"start":{"line":258,"column":8},"end":{"line":286,"column":9},"skip":true},"57":{"start":{"line":259,"column":12},"end":{"line":269,"column":14},"skip":true},"58":{"start":{"line":271,"column":12},"end":{"line":285,"column":19},"skip":true},"59":{"start":{"line":274,"column":20},"end":{"line":274,"column":35},"skip":true},"60":{"start":{"line":275,"column":20},"end":{"line":284,"column":21},"skip":true},"61":{"start":{"line":277,"column":24},"end":{"line":277,"column":64},"skip":true},"62":{"start":{"line":279,"column":24},"end":{"line":279,"column":40},"skip":true},"63":{"start":{"line":281,"column":24},"end":{"line":281,"column":40},"skip":true},"64":{"start":{"line":283,"column":24},"end":{"line":283,"column":39},"skip":true},"65":{"start":{"line":288,"column":8},"end":{"line":290,"column":9},"skip":true},"66":{"start":{"line":289,"column":12},"end":{"line":289,"column":18},"skip":true},"67":{"start":{"line":291,"column":8},"end":{"line":293,"column":54},"skip":true},"68":{"start":{"line":296,"column":8},"end":{"line":301,"column":37},"skip":true},"69":{"start":{"line":303,"column":8},"end":{"line":303,"column":82},"skip":true},"70":{"start":{"line":306,"column":8},"end":{"line":308,"column":9},"skip":true},"71":{"start":{"line":307,"column":12},"end":{"line":307,"column":82},"skip":true},"72":{"start":{"line":310,"column":8},"end":{"line":312,"column":9},"skip":true},"73":{"start":{"line":311,"column":12},"end":{"line":311,"column":18},"skip":true},"74":{"start":{"line":313,"column":8},"end":{"line":313,"column":54},"skip":true},"75":{"start":{"line":314,"column":8},"end":{"line":314,"column":69},"skip":true},"76":{"start":{"line":315,"column":8},"end":{"line":323,"column":36},"skip":true},"77":{"start":{"line":316,"column":12},"end":{"line":316,"column":61},"skip":true},"78":{"start":{"line":317,"column":12},"end":{"line":320,"column":13},"skip":true},"79":{"start":{"line":318,"column":16},"end":{"line":318,"column":75},"skip":true},"80":{"start":{"line":319,"column":16},"end":{"line":319,"column":23},"skip":true},"81":{"start":{"line":321,"column":12},"end":{"line":321,"column":38},"skip":true},"82":{"start":{"line":322,"column":12},"end":{"line":322,"column":27},"skip":true},"83":{"start":{"line":324,"column":8},"end":{"line":324,"column":14},"skip":true}},"branchMap":{"1":{"line":39,"type":"binary-expr","locations":[{"start":{"line":39,"column":23},"end":{"line":39,"column":62}},{"start":{"line":40,"column":20},"end":{"line":40,"column":70}},{"start":{"line":41,"column":20},"end":{"line":41,"column":71}},{"start":{"line":42,"column":20},"end":{"line":42,"column":29}}]},"2":{"line":44,"type":"binary-expr","locations":[{"start":{"line":44,"column":23},"end":{"line":44,"column":37}},{"start":{"line":45,"column":20},"end":{"line":45,"column":61}},{"start":{"line":46,"column":20},"end":{"line":46,"column":70}},{"start":{"line":47,"column":20},"end":{"line":47,"column":26}}]},"3":{"line":51,"type":"cond-expr","locations":[{"start":{"line":52,"column":14},"end":{"line":52,"column":20}},{"start":{"line":53,"column":14},"end":{"line":53,"column":20}}]},"4":{"line":55,"type":"binary-expr","locations":[{"start":{"line":55,"column":16},"end":{"line":55,"column":44}},{"start":{"line":55,"column":49},"end":{"line":57,"column":43}}]},"5":{"line":55,"type":"cond-expr","locations":[{"start":{"line":56,"column":14},"end":{"line":56,"column":56}},{"start":{"line":57,"column":14},"end":{"line":57,"column":43}}]},"6":{"line":61,"type":"switch","locations":[{"start":{"line":68,"column":4},"end":{"line":150,"column":14},"skip":true},{"start":{"line":156,"column":4},"end":{"line":324,"column":14},"skip":true}]},"7":{"line":70,"type":"if","locations":[{"start":{"line":70,"column":12},"end":{"line":70,"column":12},"skip":true},{"start":{"line":70,"column":12},"end":{"line":70,"column":12},"skip":true}]},"8":{"line":70,"type":"binary-expr","locations":[{"start":{"line":70,"column":16},"end":{"line":70,"column":22},"skip":true},{"start":{"line":70,"column":27},"end":{"line":70,"column":32},"skip":true},{"start":{"line":71,"column":20},"end":{"line":71,"column":39},"skip":true},{"start":{"line":72,"column":20},"end":{"line":72,"column":49},"skip":true},{"start":{"line":73,"column":20},"end":{"line":73,"column":58},"skip":true},{"start":{"line":74,"column":20},"end":{"line":74,"column":69},"skip":true}]},"9":{"line":79,"type":"switch","locations":[{"start":{"line":80,"column":20},"end":{"line":80,"column":33},"skip":true},{"start":{"line":81,"column":20},"end":{"line":83,"column":30},"skip":true},{"start":{"line":84,"column":20},"end":{"line":85,"column":49},"skip":true}]},"10":{"line":89,"type":"switch","locations":[{"start":{"line":90,"column":12},"end":{"line":103,"column":22},"skip":true},{"start":{"line":105,"column":12},"end":{"line":106,"column":22},"skip":true}]},"11":{"line":89,"type":"binary-expr","locations":[{"start":{"line":89,"column":20},"end":{"line":89,"column":25},"skip":true},{"start":{"line":89,"column":29},"end":{"line":89,"column":48},"skip":true},{"start":{"line":89,"column":52},"end":{"line":89,"column":74},"skip":true}]},"12":{"line":92,"type":"if","locations":[{"start":{"line":92,"column":16},"end":{"line":92,"column":16},"skip":true},{"start":{"line":92,"column":16},"end":{"line":92,"column":16},"skip":true}]},"13":{"line":108,"type":"if","locations":[{"start":{"line":108,"column":12},"end":{"line":108,"column":12},"skip":true},{"start":{"line":108,"column":12},"end":{"line":108,"column":12},"skip":true}]},"14":{"line":108,"type":"binary-expr","locations":[{"start":{"line":108,"column":16},"end":{"line":108,"column":61},"skip":true},{"start":{"line":108,"column":66},"end":{"line":108,"column":72},"skip":true},{"start":{"line":108,"column":77},"end":{"line":108,"column":82},"skip":true},{"start":{"line":109,"column":20},"end":{"line":109,"column":39},"skip":true},{"start":{"line":110,"column":20},"end":{"line":110,"column":49},"skip":true},{"start":{"line":111,"column":20},"end":{"line":111,"column":58},"skip":true},{"start":{"line":112,"column":20},"end":{"line":112,"column":68},"skip":true}]},"15":{"line":129,"type":"if","locations":[{"start":{"line":129,"column":16},"end":{"line":129,"column":16},"skip":true},{"start":{"line":129,"column":16},"end":{"line":129,"column":16},"skip":true}]},"16":{"line":134,"type":"cond-expr","locations":[{"start":{"line":135,"column":26},"end":{"line":135,"column":29},"skip":true},{"start":{"line":136,"column":26},"end":{"line":136,"column":54},"skip":true}]},"17":{"line":164,"type":"binary-expr","locations":[{"start":{"line":164,"column":27},"end":{"line":164,"column":43},"skip":true},{"start":{"line":164,"column":47},"end":{"line":164,"column":49},"skip":true}]},"18":{"line":258,"type":"if","locations":[{"start":{"line":258,"column":8},"end":{"line":258,"column":8},"skip":true},{"start":{"line":258,"column":8},"end":{"line":258,"column":8},"skip":true}]},"19":{"line":275,"type":"switch","locations":[{"start":{"line":276,"column":20},"end":{"line":277,"column":64},"skip":true},{"start":{"line":278,"column":20},"end":{"line":279,"column":40},"skip":true},{"start":{"line":280,"column":20},"end":{"line":281,"column":40},"skip":true},{"start":{"line":282,"column":20},"end":{"line":283,"column":39},"skip":true}]},"20":{"line":288,"type":"if","locations":[{"start":{"line":288,"column":8},"end":{"line":288,"column":8},"skip":true},{"start":{"line":288,"column":8},"end":{"line":288,"column":8},"skip":true}]},"21":{"line":288,"type":"binary-expr","locations":[{"start":{"line":288,"column":12},"end":{"line":288,"column":40},"skip":true},{"start":{"line":288,"column":44},"end":{"line":288,"column":67},"skip":true}]},"22":{"line":292,"type":"binary-expr","locations":[{"start":{"line":292,"column":12},"end":{"line":292,"column":50},"skip":true},{"start":{"line":293,"column":12},"end":{"line":293,"column":53},"skip":true}]},"23":{"line":297,"type":"binary-expr","locations":[{"start":{"line":297,"column":12},"end":{"line":297,"column":70},"skip":true},{"start":{"line":298,"column":12},"end":{"line":301,"column":36},"skip":true}]},"24":{"line":303,"type":"binary-expr","locations":[{"start":{"line":303,"column":43},"end":{"line":303,"column":75},"skip":true},{"start":{"line":303,"column":79},"end":{"line":303,"column":81},"skip":true}]},"25":{"line":306,"type":"if","locations":[{"start":{"line":306,"column":8},"end":{"line":306,"column":8},"skip":true},{"start":{"line":306,"column":8},"end":{"line":306,"column":8},"skip":true}]},"26":{"line":310,"type":"if","locations":[{"start":{"line":310,"column":8},"end":{"line":310,"column":8},"skip":true},{"start":{"line":310,"column":8},"end":{"line":310,"column":8},"skip":true}]},"27":{"line":313,"type":"binary-expr","locations":[{"start":{"line":313,"column":27},"end":{"line":313,"column":43},"skip":true},{"start":{"line":313,"column":47},"end":{"line":313,"column":53},"skip":true}]},"28":{"line":317,"type":"if","locations":[{"start":{"line":317,"column":12},"end":{"line":317,"column":12},"skip":true},{"start":{"line":317,"column":12},"end":{"line":317,"column":12},"skip":true}]}},"code":["/*","example.js","","quickstart example","","instruction","    1. save this script as example.js","    2. run the shell command:","        $ npm install npmtest-brand-colors && PORT=8081 node example.js","    3. play with the browser-demo on http://127.0.0.1:8081","*/","","","","/* istanbul instrument in package npmtest_brand_colors */","/*jslint","    bitwise: true,","    browser: true,","    maxerr: 8,","    maxlen: 96,","    node: true,","    nomen: true,","    regexp: true,","    stupid: true","*/","(function () {","    'use strict';","    var local;","","","","    // run shared js-env code - pre-init","    (function () {","        // init local","        local = {};","        // init modeJs","        local.modeJs = (function () {","            try {","                return typeof navigator.userAgent === 'string' &&","                    typeof document.querySelector('body') === 'object' &&","                    typeof XMLHttpRequest.prototype.open === 'function' &&","                    'browser';","            } catch (errorCaughtBrowser) {","                return module.exports &&","                    typeof process.versions.node === 'string' &&","                    typeof require('http').createServer === 'function' &&","                    'node';","            }","        }());","        // init global","        local.global = local.modeJs === 'browser'","            ? window","            : global;","        // init utility2_rollup","        local = local.global.utility2_rollup || (local.modeJs === 'browser'","            ? local.global.utility2_npmtest_brand_colors","            : global.utility2_moduleExports);","        // export local","        local.global.local = local;","    }());","    switch (local.modeJs) {","","","","    // post-init","    // run browser js-env code - post-init","    /* istanbul ignore next */","    case 'browser':","        local.testRunBrowser = function (event) {","            if (!event || (event &&","                    event.currentTarget &&","                    event.currentTarget.className &&","                    event.currentTarget.className.includes &&","                    event.currentTarget.className.includes('onreset'))) {","                // reset output","                Array.from(","                    document.querySelectorAll('body > .resettable')","                ).forEach(function (element) {","                    switch (element.tagName) {","                    case 'INPUT':","                    case 'TEXTAREA':","                        element.value = '';","                        break;","                    default:","                        element.textContent = '';","                    }","                });","            }","            switch (event && event.currentTarget && event.currentTarget.id) {","            case 'testRunButton1':","                // show tests","                if (document.querySelector('#testReportDiv1').style.display === 'none') {","                    document.querySelector('#testReportDiv1').style.display = 'block';","                    document.querySelector('#testRunButton1').textContent =","                        'hide internal test';","                    local.modeTest = true;","                    local.testRunDefault(local);","                // hide tests","                } else {","                    document.querySelector('#testReportDiv1').style.display = 'none';","                    document.querySelector('#testRunButton1').textContent = 'run internal test';","                }","                break;","            // custom-case","            default:","                break;","            }","            if (document.querySelector('#inputTextareaEval1') && (!event || (event &&","                    event.currentTarget &&","                    event.currentTarget.className &&","                    event.currentTarget.className.includes &&","                    event.currentTarget.className.includes('oneval')))) {","                // try to eval input-code","                try {","                    /*jslint evil: true*/","                    eval(document.querySelector('#inputTextareaEval1').value);","                } catch (errorCaught) {","                    console.error(errorCaught);","                }","            }","        };","        // log stderr and stdout to #outputTextareaStdout1","        ['error', 'log'].forEach(function (key) {","            console[key + '_original'] = console[key];","            console[key] = function () {","                var element;","                console[key + '_original'].apply(console, arguments);","                element = document.querySelector('#outputTextareaStdout1');","                if (!element) {","                    return;","                }","                // append text to #outputTextareaStdout1","                element.value += Array.from(arguments).map(function (arg) {","                    return typeof arg === 'string'","                        ? arg","                        : JSON.stringify(arg, null, 4);","                }).join(' ') + '\\n';","                // scroll textarea to bottom","                element.scrollTop = element.scrollHeight;","            };","        });","        // init event-handling","        ['change', 'click', 'keyup'].forEach(function (event) {","            Array.from(document.querySelectorAll('.on' + event)).forEach(function (element) {","                element.addEventListener(event, local.testRunBrowser);","            });","        });","        // run tests","        local.testRunBrowser();","        break;","","","","    // run node js-env code - post-init","    /* istanbul ignore next */","    case 'node':","        // export local","        module.exports = local;","        // require modules","        local.fs = require('fs');","        local.http = require('http');","        local.url = require('url');","        // init assets","        local.assetsDict = local.assetsDict || {};","        /* jslint-ignore-begin */","        local.assetsDict['/assets.index.template.html'] = '\\","<!doctype html>\\n\\","<html lang=\"en\">\\n\\","<head>\\n\\","<meta charset=\"UTF-8\">\\n\\","<meta name=\"viewport\" content=\"width=device-width, initial-scale=1\">\\n\\","<title>{{env.npm_package_name}} (v{{env.npm_package_version}})</title>\\n\\","<style>\\n\\","/*csslint\\n\\","    box-sizing: false,\\n\\","    universal-selector: false\\n\\","*/\\n\\","* {\\n\\","    box-sizing: border-box;\\n\\","}\\n\\","body {\\n\\","    background: #dde;\\n\\","    font-family: Arial, Helvetica, sans-serif;\\n\\","    margin: 2rem;\\n\\","}\\n\\","body > * {\\n\\","    margin-bottom: 1rem;\\n\\","}\\n\\",".utility2FooterDiv {\\n\\","    margin-top: 20px;\\n\\","    text-align: center;\\n\\","}\\n\\","</style>\\n\\","<style>\\n\\","/*csslint\\n\\","*/\\n\\","textarea {\\n\\","    font-family: monospace;\\n\\","    height: 10rem;\\n\\","    width: 100%;\\n\\","}\\n\\","textarea[readonly] {\\n\\","    background: #ddd;\\n\\","}\\n\\","</style>\\n\\","</head>\\n\\","<body>\\n\\","<!-- utility2-comment\\n\\","<div id=\"ajaxProgressDiv1\" style=\"background: #d00; height: 2px; left: 0; margin: 0; padding: 0; position: fixed; top: 0; transition: background 0.5s, width 1.5s; width: 25%;\"></div>\\n\\","utility2-comment -->\\n\\","<h1>\\n\\","<!-- utility2-comment\\n\\","    <a\\n\\","        {{#if env.npm_package_homepage}}\\n\\","        href=\"{{env.npm_package_homepage}}\"\\n\\","        {{/if env.npm_package_homepage}}\\n\\","        target=\"_blank\"\\n\\","    >\\n\\","utility2-comment -->\\n\\","        {{env.npm_package_name}} (v{{env.npm_package_version}})\\n\\","<!-- utility2-comment\\n\\","    </a>\\n\\","utility2-comment -->\\n\\","</h1>\\n\\","<h3>{{env.npm_package_description}}</h3>\\n\\","<!-- utility2-comment\\n\\","<h4><a download href=\"assets.app.js\">download standalone app</a></h4>\\n\\","<button class=\"onclick onreset\" id=\"testRunButton1\">run internal test</button><br>\\n\\","<div id=\"testReportDiv1\" style=\"display: none;\"></div>\\n\\","utility2-comment -->\\n\\","\\n\\","\\n\\","\\n\\","<label>stderr and stdout</label>\\n\\","<textarea class=\"resettable\" id=\"outputTextareaStdout1\" readonly></textarea>\\n\\","<!-- utility2-comment\\n\\","{{#if isRollup}}\\n\\","<script src=\"assets.app.js\"></script>\\n\\","{{#unless isRollup}}\\n\\","utility2-comment -->\\n\\","<script src=\"assets.utility2.rollup.js\"></script>\\n\\","<script src=\"jsonp.utility2._stateInit?callback=window.utility2._stateInit\"></script>\\n\\","<script src=\"assets.npmtest_brand_colors.rollup.js\"></script>\\n\\","<script src=\"assets.example.js\"></script>\\n\\","<script src=\"assets.test.js\"></script>\\n\\","<!-- utility2-comment\\n\\","{{/if isRollup}}\\n\\","utility2-comment -->\\n\\","<div class=\"utility2FooterDiv\">\\n\\","    [ this app was created with\\n\\","    <a href=\"https://github.com/kaizhu256/node-utility2\" target=\"_blank\">utility2</a>\\n\\","    ]\\n\\","</div>\\n\\","</body>\\n\\","</html>\\n\\","';","        /* jslint-ignore-end */","        if (local.templateRender) {","            local.assetsDict['/'] = local.templateRender(","                local.assetsDict['/assets.index.template.html'],","                {","                    env: local.objectSetDefault(local.env, {","                        npm_package_description: 'the greatest app in the world!',","                        npm_package_name: 'my-app',","                        npm_package_nameAlias: 'my_app',","                        npm_package_version: '0.0.1'","                    })","                }","            );","        } else {","            local.assetsDict['/'] = local.assetsDict['/assets.index.template.html']","                .replace((/\\{\\{env\\.(\\w+?)\\}\\}/g), function (match0, match1) {","                    // jslint-hack","                    String(match0);","                    switch (match1) {","                    case 'npm_package_description':","                        return 'the greatest app in the world!';","                    case 'npm_package_name':","                        return 'my-app';","                    case 'npm_package_nameAlias':","                        return 'my_app';","                    case 'npm_package_version':","                        return '0.0.1';","                    }","                });","        }","        // run the cli","        if (local.global.utility2_rollup || module !== require.main) {","            break;","        }","        local.assetsDict['/assets.example.js'] =","            local.assetsDict['/assets.example.js'] ||","            local.fs.readFileSync(__filename, 'utf8');","        // bug-workaround - long $npm_package_buildCustomOrg","        /* jslint-ignore-begin */","        local.assetsDict['/assets.npmtest_brand_colors.rollup.js'] =","            local.assetsDict['/assets.npmtest_brand_colors.rollup.js'] ||","            local.fs.readFileSync(","                local.npmtest_brand_colors.__dirname + '/lib.npmtest_brand_colors.js',","                'utf8'","            ).replace((/^#!/), '//');","        /* jslint-ignore-end */","        local.assetsDict['/favicon.ico'] = local.assetsDict['/favicon.ico'] || '';","        // if $npm_config_timeout_exit exists,","        // then exit this process after $npm_config_timeout_exit ms","        if (Number(process.env.npm_config_timeout_exit)) {","            setTimeout(process.exit, Number(process.env.npm_config_timeout_exit));","        }","        // start server","        if (local.global.utility2_serverHttp1) {","            break;","        }","        process.env.PORT = process.env.PORT || '8081';","        console.error('server starting on port ' + process.env.PORT);","        local.http.createServer(function (request, response) {","            request.urlParsed = local.url.parse(request.url);","            if (local.assetsDict[request.urlParsed.pathname] !== undefined) {","                response.end(local.assetsDict[request.urlParsed.pathname]);","                return;","            }","            response.statusCode = 404;","            response.end();","        }).listen(process.env.PORT);","        break;","    }","}());",""],"l":{"26":2,"28":2,"33":2,"35":2,"37":2,"38":2,"39":2,"44":1,"51":2,"55":2,"59":2,"61":2,"69":1,"70":2,"76":2,"79":2,"82":2,"83":2,"85":1,"89":2,"92":1,"93":1,"94":1,"96":1,"97":1,"100":1,"101":1,"103":1,"106":1,"108":2,"114":1,"116":1,"118":1,"123":1,"124":2,"125":2,"126":3,"127":3,"128":3,"129":3,"130":1,"133":3,"134":3,"139":3,"143":1,"144":3,"145":1,"149":1,"150":1,"158":1,"160":1,"161":1,"162":1,"164":1,"166":1,"258":1,"259":1,"271":1,"274":6,"275":6,"277":1,"279":2,"281":1,"283":2,"288":1,"289":1,"291":1,"296":1,"303":1,"306":1,"307":1,"310":1,"311":1,"313":1,"314":1,"315":1,"316":1,"317":1,"318":1,"319":1,"321":1,"322":1,"324":1}},"/home/travis/build/npmtest/node-npmtest-brand-colors/node_modules/brand-colors/data/brandColors.js":{"path":"/home/travis/build/npmtest/node-npmtest-brand-colors/node_modules/brand-colors/data/brandColors.js","s":{"1":1,"2":1,"3":1156,"4":1,"5":0,"6":1,"7":0,"8":0,"9":1,"10":1},"b":{},"f":{"1":1156,"2":0,"3":0,"4":0},"fnMap":{"1":{"name":"(anonymous_1)","line":1169,"loc":{"start":{"line":1169,"column":48},"end":{"line":1169,"column":61}}},"2":{"name":"getAll","line":1173,"loc":{"start":{"line":1173,"column":0},"end":{"line":1173,"column":18}}},"3":{"name":"find","line":1177,"loc":{"start":{"line":1177,"column":0},"end":{"line":1177,"column":20}}},"4":{"name":"(anonymous_4)","line":1178,"loc":{"start":{"line":1178,"column":28},"end":{"line":1178,"column":43}}}},"statementMap":{"1":{"start":{"line":8,"column":0},"end":{"line":1167,"column":2}},"2":{"start":{"line":1169,"column":0},"end":{"line":1171,"column":3}},"3":{"start":{"line":1170,"column":2},"end":{"line":1170,"column":46}},"4":{"start":{"line":1173,"column":0},"end":{"line":1175,"column":1}},"5":{"start":{"line":1174,"column":2},"end":{"line":1174,"column":21}},"6":{"start":{"line":1177,"column":0},"end":{"line":1181,"column":1}},"7":{"start":{"line":1178,"column":2},"end":{"line":1180,"column":5}},"8":{"start":{"line":1179,"column":4},"end":{"line":1179,"column":31}},"9":{"start":{"line":1183,"column":0},"end":{"line":1183,"column":24}},"10":{"start":{"line":1184,"column":0},"end":{"line":1184,"column":20}}},"branchMap":{},"code":["/*","* @preserve brand-colors {{ version }}","* http://reimertz.github.io/brand-colors","* (c) 2014 Pierre Reimertz","* may be freely distributed under the MIT license.","*/","","var _brandColors = {","  '4ormat': '#ee3440',","  '500px': '#0099e5',","  '500px-2': '#ff4c4c',","  '500px-3': '#34bf49',","  'about-me': '#00405d',","  'about-me-2': '#062f3c',","  'about-me-3': '#2b82ad',","  'about-me-4': '#cc7a00',","  'about-me-5': '#ffcc33',","  'addvocate': '#ff3322',","  'adobe': '#ff0000',","  'adobe-2': '#fbb034',","  'adobe-3': '#ffdd00',","  'adobe-4': '#c1d82f',","  'adobe-5': '#00a4e4',","  'adobe-6': '#8a7967',","  'adobe-7': '#6a737b',","  'aetna': '#d20962',","  'aetna-2': '#f47721',","  'aetna-3': '#7ac143',","  'aetna-4': '#00a78e',","  'aetna-5': '#00bce4',","  'aetna-6': '#7d3f98',","  'aim': '#ffd900',","  'airbnb': '#fd5c63',","  'alcon': '#0079c1',","  'alcon-2': '#49176d',","  'alcon-3': '#00a0af',","  'alcon-4': '#49a942',","  'alibaba': '#F47937',","  'alienware': '#020202',","  'alienware-2': '#2ad2c9',","  'alienware-3': '#d0e100',","  'alienware-4': '#00f0f0',","  'alienware-5': '#00f000',","  'alienware-6': '#f0e000',","  'alienware-7': '#00a0f0',","  'alienware-8': '#9000f0',","  'alienware-9': '#f00000',","  'alphabet': '#ed1c24',","  'amazon': '#ff9900',","  'amazon-2': '#146eb4',","  'american-express': '#002663',","  'american-express-2': '#4d4f53',","  'american-red-cross': '#ed1b2e',","  'american-red-cross-10': '#0091cd',","  'american-red-cross-11': '#004b79',","  'american-red-cross-12': '#7f181b',","  'american-red-cross-13': '#d7d7d8',","  'american-red-cross-14': '#9f9fa3',","  'american-red-cross-15': '#000000',","  'american-red-cross-2': '#6d6e70',","  'american-red-cross-3': '#d7d7d8',","  'american-red-cross-4': '#b4a996',","  'american-red-cross-5': '#ecb731',","  'american-red-cross-6': '#8ec06c',","  'american-red-cross-7': '#537b35',","  'american-red-cross-8': '#c4dff6',","  'american-red-cross-9': '#56a0d3',","  'android': '#a4c639',","  'angies-list': '#7fbb00',","  'angularjs': '#b52e31',","  'angularjs-2': '#000000',","  'answers': '#136ad5',","  'answers-2': '#fb8a2e',","  'aol': '#ff0b00',","  'aol-2': '#00c4ff',","  'arch-linux': '#1793d1',","  'arch-linux-2': '#333333',","  'asana': '#1f8dd6',","  'asana-2': '#34ad00',","  'associated-press': '#ff322e',","  'atlanta-falcons': '#000000',","  'atlanta-falcons-2': '#a71930',","  'atlanta-falcons-3': '#a5acaf',","  'atlantic-coast-conference-acc': '#013ca6',","  'atlantic-coast-conference-acc-2': '#a5a9ab',","  'atlassian': '#003366',","  'att': '#ff7200',","  'att-2': '#fcb314',","  'att-3': '#067ab4',","  'att-4': '#3aa5dc',","  'auth0': '#16214d',","  'auth0-2': '#44c7f4',","  'auth0-3': '#eb5424',","  'auth0-4': '#d0d2d3',","  'baidu': '#de0f17',","  'baidu-2': '#2529d8',","  'bandcamp': '#629aa9',","  'bandpage': '#3eabff',","  'bandpage-2': ' #2c3235',","  'barnes-noble': '#2a5934',","  'bebo': '#e04646',","  'behance': '#1769ff',","  'best-buy': '#003b64',","  'best-buy-2': '#fff200',","  'big-cartel': '#a0ac48',","  'big-cartel-2': '#70b29c',","  'bing': '#ffb900',","  'bing-2': '#505050',","  'bing-3': '#a3a3a3',","  'bitbucket': '#205081',","  'bitly': '#ee6123',","  'bitly-2': '#61b3de',","  'blackberry': '#005387',","  'blackberry-2': '#8cb811',","  'blackberry-3': '#fdb813',","  'blackberry-4': '#88aca1',","  'blackberry-5': '#000000',","  'blackberry-6': '#788cb6',","  'blackberry-7': '#a1a1a4',","  'blackberry-8': '#8f8f8c',","  'blogger': '#f57d00',","  'boeing': '#0033a1',","  'bombardier': '#8996a0',","  'booking-com': '#003580',","  'bower': '#ffcc2f',","  'bower-2': '#ef5734',","  'bower-3': '#00acee',","  'bower-4': '#2baf2b',","  'bower-5': '#543729',","  'bower-6': '#cecece',","  'boy-scouts-of-america': '#ce1126',","  'boy-scouts-of-america-2': '#003f87',","  'british-airways': '#075aaa',","  'british-airways-2': '#eb2226',","  'british-airways-3': '#01295c',","  'british-airways-4': '#efe9e5',","  'british-airways-5': '#aca095',","  'british-airways-6': '#b9cfed',","  'british-airways-7': '#a7a9ac',","  'bt': '#d52685',","  'bt-2': '#553a99',","  'bt-3': '#6cbc35',","  'bt-4': '#fd9f3e',","  'bt-5': '#08538c',","  'buffer': '#168eea',","  'buffer-2': '#ee4f4f',","  'buffer-3': '#fff9ea',","  'buffer-4': '#76b852',","  'buffer-5': '#323b43',","  'buffer-6': '#59626a',","  'buffer-7': '#ced7df',","  'buffer-8': '#eff3f6',","  'buffer-9': '#f4f7f9',","  'burger-king': '#ec1c24',","  'burger-king-2': '#fdbd10',","  'burger-king-3': '#0066b2',","  'burger-king-4': '#ed7902',","  'bynder': '#1ca0de',","  'bynder-2': '#343a4e',","  'canon': '#bc0024',","  'canon-2': '#000000',","  'carbonmade': '#613854',","  'carrefour': '#00387b',","  'carrefour-2': '#bb1e10',","  'carrefour-3': '#f67828',","  'carrefour-4': '#237f52',","  'cartoon-network': '#00aeef',","  'cartoon-network-2': '#ed008c',","  'cartoon-network-3': '#fff000',","  'cartoon-network-4': '#000000',","  'case-mate': '#84754e',","  'case-mate-2': '#a6192e',","  'case-mate-3': '#decba5',","  'case-mate-4': '#000000',","  'change-org': '#ec2c22',","  'charity-water': '#ffc907',","  'charity-water-2': '#2e9df7',","  'charity-water-3': '#231f20',","  'cheddar': '#ff7243',","  'coca-cola': '#ed1c16',","  'code-school': '#616f67',","  'code-school-2': '#c68143',","  'codecademy': '#f65a5b',","  'codecademy-2': '#204056',","  'connexxion': '#d2ea32',","  'connexxion-2': '#016773',","  'courtyard': '#689550',","  'courtyard-2': '#85c446',","  'courtyard-3': '#c0de9e',","  'courtyard-4': '#b9dca4',","  'craft-cms': '#da5a47',","  'creative-market': '#8ba753',","  'crowne-plaza': '#830051',","  'crowne-plaza-2': '#cf0072',","  'crowne-plaza-3': '#d9e506',","  'crowne-plaza-4': '#ff7900',","  'crowne-plaza-5': '#00c6d7',","  'crowne-plaza-6': '#766a65',","  'crunchbase': '#2292a7',","  'culvers': '#005696',","  'cunard': '#1d1d1b',","  'cunard-2': '#ae9a64',","  'cunard-3': '#e42313',","  'cunard-4': '#8b8c8d',","  'daimler': '#263f6a',","  'daimler-2': '#182b45',","  'daimler-3': '#6b0f24',","  'daimler-4': '#193725',","  'daimler-5': '#606061',","  'debian': '#A80030',","  'delectable': '#334858',","  'delectable-2': '#cd595a',","  'delectable-3': '#94938f',","  'delectable-4': '#a3a7a6',","  'delectable-5': '#dbc5b0',","  'delectable-6': '#f8dfc2',","  'delectable-7': '#f9ebdf',","  'delicious': '#3399ff',","  'delicious-2': '#222222',","  'delicious-3': '#eeeeee',","  'dell': '#0085c3',","  'dell-10': '#009bbb',","  'dell-11': '#444444',","  'dell-12': '#eeeeee',","  'dell-2': '#7ab800',","  'dell-3': '#f2af00',","  'dell-4': '#dc5034',","  'dell-5': '#ce1126',","  'dell-6': '#b7295a',","  'dell-7': '#6e2585',","  'dell-8': '#71c6c1',","  'dell-9': '#5482ab',","  'dental-plans': '#f99104',","  'dental-plans-2': '#00b7c9',","  'designer-news': '#2d72d9',","  'designmoo': '#e64b50',","  'designmoo-2': '#dbc65d',","  'deviantart': '#05cc47',","  'deviantart-2': '#4dc47d',","  'deviantart-3': '#181a1b',","  'devour': '#ff0000',","  'dewalt': '#febd17',","  'dhl': '#ba0c2f',","  'dhl-2': '#ffcd00',","  'dhl-3': '#c9c9c9',","  'diebold': '#007dc3',","  'diebold-2': '#003f69',","  'diebold-3': '#954010',","  'diebold-4': '#445c6e',","  'diebold-5': '#005238',","  'diebold-6': '#97824b',","  'digg': '#000000',","  'digital-ocean': '#008bcf',","  'direct-energy': '#f05d21',","  'direct-energy-2': '#2c5770',","  'direct-energy-3': '#0f723a',","  'direct-energy-4': '#c7c8ca',","  'direct-energy-5': '#666666',","  'directv': '#00a6d6',","  'directv-2': '#00629b',","  'directv-3': '#003865',","  'dish-network': '#ec1944',","  'disqus': '#2e9fff',","  'django': '#092e20',","  'docker': '#0db7ed',","  'docker-2': '#384d54',","  'dominos': '#0b648f',","  'dominos-2': '#e21737',","  'dow': '#e80033',","  'dow-2': '#fdbb30',","  'dow-3': '#ed8b00',","  'dow-4': '#f15d22',","  'dow-5': '#bf0d3e',","  'dow-6': '#910048',","  'dow-7': '#d0006f',","  'dribbble': '#444444',","  'dribbble-2': '#ea4c89',","  'dribbble-3': '#8aba56',","  'dribbble-4': '#ff8833',","  'dribbble-5': '#00b6e3',","  'dribbble-6': '#9ba5a8',","  'dropbox': '#007ee5',","  'dropbox-2': '#7b8994',","  'dropbox-3': '#47525d',","  'dropbox-4': '#3d464d',","  'droplr': '#5654a4',","  'drupal': '#0077c0',","  'drupal-2': '#81ceff',","  'drupal-3': '#00598e',","  'dunked': '#2da9d7',","  'dunked-2': '#212a3e',","  'dunked-3': '#3fc380',","  'easy-jet': '#ff6600',","  'easy-jet-2': '#000000',","  'easy-jet-3': '#58595b',","  'ebay': '#e53238',","  'ebay-2': '#0064d2',","  'ebay-3': '#f5af02',","  'ebay-4': '#86b817',","  'el-al': '#131137',","  'el-al-2': '#918978',","  'elance': '#0d69af',","  'ello': '#000000',","  'ember': '#f23819',","  'engadget': '#40b3ff',","  'envato': '#82b541',","  'epictions': '#ff2052',","  'epictions-2': '#e6e6e6',","  'epictions-3': '#404040',","  'epictions-4': '#01b5dd',","  'epictions-5': '#b0db64',","  'ericsson': '#002561',","  'esl': '#0d9ddb',","  'esl-2': '#48b8e7',","  'esl-3': '#efecea',","  'esl-4': '#2c2b2b',","  'espn': '#ff0033',","  'etrade': '#6633cc',","  'etrade-2': '#99cc00',","  'etsy': '#d5641c',","  'evernote': '#7ac142',","  'evernote-2': '#808084',","  'fab-com': '#dd0017',","  'fab-com-2': '#000000',","  'facebook': '#3b5998',","  'fairfield-inn-suites': '#6caddf',","  'fairfield-inn-suites-2': '#b06010',","  'fairfield-inn-suites-3': '#004990',","  'fairfield-inn-suites-4': '#b50938',","  'fairmont': '#a6a685',","  'fairmont-2': '#000000',","  'famo-us': '#fa5c4f',","  'famo-us-2': '#333333',","  'fancy': '#3098dc',","  'fancy-2': '#494e58',","  'fedex': '#660099',","  'fedex-2': '#ff6600',","  'fedex-3': '#00cc00',","  'fedex-4': '#0099cc',","  'fedex-5': '#ff0033',","  'fedex-6': '#ffcc00',","  'fedex-7': '#999999',","  'feedly': '#2bb24c',","  'fedora': '#294172',","  'fedora-2': '#325191',","  'fedora-3': '#3C6EB4',","  'fedora-4': '#81DC3E',","  'fedora-5': '#9970B5',","  'fiat': '#96172e',","  'fiat-2': '#6d2d41',","  'firefox': '#e66000',","  'firefox-2': '#ff9500',","  'firefox-3': '#ffcb00',","  'firefox-4': '#00539f',","  'firefox-5': '#0095dd',","  'firefox-6': '#331e54',","  'firefox-7': '#002147',","  'fitbit': '#4cc2c4',","  'fitbit-2': '#f54785',","  'fitbit-3': '#343434',","  'five-guys': '#ed174f',","  'five-guys-2': '#fbb040',","  'five-guys-3': '#efc402',","  'five-guys-4': '#d4891c',","  'flattr': '#f67c1a',","  'flattr-2': '#338d11',","  'flavors-me': '#f10087',","  'flavors-me-2': '#009ae7',","  'flickr': '#0063dc',","  'flickr-2': '#ff0084',","  'flipboard': '#e12828',","  'flixster': '#2971b2',","  'follr': '#4dc9f6',","  'follr-2': '#f67019',","  'follr-3': '#f53794',","  'follr-4': '#537bc4',","  'follr-5': '#acc236',","  'ford': '#1c396d',","  'forrst': '#5b9a68',","  'foursquare': '#f94877',","  'foursquare-2': '#0732a2',","  'foursquare-3': '#2d5be3',","  'friend2friend': '#0f99d6',","  'garmin': '#007cc3',","  'garuda': '#484848',","  'garuda-2': '#002561',","  'garuda-3': '#2f6f7e',","  'geocaching': '#4a742c',","  'getglue': '#2d75a2',","  'ghost': '#212425',","  'ghost-2': '#718087',","  'ghost-3': '#5ba4e5',","  'ghost-4': '#9fbb58',","  'ghost-5': '#e9e8dd',","  'gibson': '#000000',","  'gibson-2': '#436f8e',","  'gibson-3': '#887d59',","  'gibson-4': '#8f9696',","  'gimmebar': '#d6156c',","  'github': '#4183c4',","  'github-2': '#999999',","  'github-3': '#666666',","  'github-4': '#333333',","  'github-5': '#6cc644',","  'github-6': '#bd2c00',","  'github-7': '#ff9933',","  'gittip': '#663300',","  'gittip-2': '#339966',","  'godaddy': '#7db701',","  'godaddy-2': '#ff8a00',","  'goodreads': '#553b08',","  'google': '#4285f4',","  'google-2': '#0f9d58',","  'google-3': '#f4b400',","  'google-4': '#db4437',","  'google-5': '#e7e6dd',","  'googleplus': '#dc4e41',","  'gravatar': '#1e8cbe',","  'gravit': '#e30061',","  'gravit-2': '#d5df00',","  'gravit-3': '#475258',","  'grooveshark': '#f77f00',","  'groupon': '#82b548',","  'grunt': '#fba919',","  'grunt-2': '#463014',","  'gulp': '#CF4646',","  'gulp-2':'#FFFFFF',","  'hacker-news': '#ff6600',","  'happn': '#0087b4',","  'heineken': '#00a100',","  'heineken-2': '#ff2b00',","  'heineken-3': '#999999',","  'hellowallet': '#0093d0',","  'here': '#124191',","  'heroku': '#c9c3e6',","  'heroku-2': '#6762a6',","  'hi5': '#fd9827',","  'highfive': '#a26eea',","  'highfive-2': '#f7afff',","  'highfive-3': '#5d70ea',","  'highfive-4': '#46b7fd',","  'home-depot': '#f96305',","  'homeaway': '#2a6ebb',","  'homeaway-2': '#ff8a00',","  'hootsuite': '#003265',","  'hootsuite-2': '#f7e8d5',","  'hootsuite-3': '#ffbd0a',","  'hootsuite-4': '#c6af92',","  'hootsuite-5': '#71685f',","  'hootsuite-6': '#54493f',","  'hootsuite-7': '#38322d',","  'houzz': '#7ac142',","  'houzz-2': '#000000',","  'hp': '#0096d6',","  'hp-2': '#d7410b',","  'hsbc': '#db0011',","  'html5': '#e34f26',","  'hulu': '#a5cd39',","  'hulu-2': '#6bb03e',","  'hyatt': '#6d6e71',","  'hyatt-2': '#bf5b20',","  'hyatt-3': '#006e96',","  'hyatt-4': '#8c8700',","  'hyatt-5': '#ad5f7d',","  'hyatt-6': '#d79100',","  'ibm': '#006699',","  'ideal': '#cc0066',","  'ideal-2': '#79afc1',","  'ideal-3': '#000000',","  'identi-ca': '#789240',","  'identi-ca-2': '#7d0100',","  'identi-ca-3': '#8baaff',","  'ifttt': '#33ccff',","  'ifttt-2': '#ff4400',","  'ifttt-3': '#000000',","  'iheartradio': '#c6002b',","  'ikea': '#ffcc00',","  'ikea-2': '#003399',","  'imdb': '#f5de50',","  'imgur': '#85bf25',","  'indiegogo': '#eb1478',","  'instacart': '#60ab59',","  'instagram': '#3f729b',","  'instapaper': '#000000',","  'instapaper-2': '#428bca',","  'intel': '#0f7dc2',","  'intuit': '#365ebf',","  'ios': '#5fc9f8',","  'ios-2': '#fecb2e',","  'ios-3': '#fd9426',","  'ios-4': '#fc3158',","  'ios-5': '#147efb',","  'ios-6': '#53d769',","  'ios-7': '#fc3d39',","  'ios-8': '#8e8e93',","  'istock': '#fe423f',","  'istock-2': '#02a388',","  'istock-3': '#0c0d0d',","  'istock-4': '#e8eded',","  'istock-5': '#dce1e1',","  'jawbone': '#000000',","  'joyent': '#ff6600',","  'jquery': '#0769ad',","  'jquery-2': '#7acef4',","  'keeeb': '#00a9c0',","  'khan-academy': '#9cb443',","  'khan-academy-2': '#242f3a',","  'kia': '#c21a30',","  'kickstarter': '#2bde73',","  'kickstarter-2': '#0f2105',","  'kik': '#82bc23',","  'kik-2': '#3db4e7',","  'kippt': '#d51007',","  'kitkat': '#d70021',","  'kiwipay': '#00b0df',","  'klm': '#00a1e4',","  'kodery': '#00af81',","  'labs64-1': '#E14817',","  'labs64-2': '#F08B53',","  'labs64-3': '#7B2A10',","  'labs64-4': '#AB6543',","  'labs64-5': '#F2951C',","  'labs64-6': '#87888A',","  'laravel': '#f55247',","  'lastfm': '#d51007',","  'line': '#00c300',","  'linkedin': '#0077b5',","  'linkedin-2': '#000000',","  'linkedin-3': '#313335',","  'linkedin-4': '#86888a',","  'linkedin-5': '#caccce',","  'linkedin-6': '#00a0dc',","  'linkedin-7': '#8d6cab',","  'linkedin-8': '#dd5143',","  'linkedin-9': '#e68523',","  'livestream': '#cf202e',","  'livestream-2': '#232121',","  'livestream-3': '#f78822',","  'livestream-4': '#f6db35',","  'livestream-5': '#6dc067',","  'livestream-6': '#4185be',","  'livestream-7': '#8f499c',","  'lloyds': '#d81f2a',","  'lloyds-2': '#ff9900',","  'lloyds-3': '#e0d86e',","  'lloyds-4': '#9ea900',","  'lloyds-5': '#6ec9e0',","  'lloyds-6': '#007ea3',","  'lloyds-7': '#9e4770',","  'lloyds-8': '#631d76',","  'lloyds-9': '#1e1e1e',","  'lomo': '#eb0028',","  'lomo-2': '#00a0df',","  'lumo': '#576396',","  'lyft': '#ea0b8c',","  'lyft-2': '#333d47',","  'lyft-3': '#faa43d',","  'lyft-4': '#2da9e1',","  'mail-ru': '#168de2',","  'mail-ru-2': '#ffa930',","  'mailchimp': '#2c9ab7',","  'mailchimp-2': '#449a88',","  'mailchimp-3': '#febe12',","  'mailchimp-4': '#db3a1b',","  'mailchimp-5': '#373737',","  'mailru': '#168de2',","  'mailru-2': '#ffa930',","  'makita': '#d82028',","  'makita-2': '#29a0b7',","  'mapbox': '#3bb2d0',","  'mapbox-10': '#fbb03b',","  'mapbox-11': '#142736',","  'mapbox-12': '#28353d',","  'mapbox-13': '#222b30',","  'mapbox-2': '#3887be',","  'mapbox-3': '#8a8acb',","  'mapbox-4': '#56b881',","  'mapbox-5': '#50667f',","  'mapbox-6': '#41afa5',","  'mapbox-7': '#f9886c',","  'mapbox-8': '#e55e5e',","  'mapbox-9': '#ed6498',","  'massy-group': '#004a77',","  'massy-group-2': '#00adee',","  'massy-group-3': '#ff8100',","  'massy-group-4': '#ffd200',","  'mastercard': '#cc0000',","  'mastercard-2': '#ff9900',","  'mastercard-3': '#000066',","  'mcdonalds': '#bf0c0c',","  'mcdonalds-2': '#e76a05',","  'mcdonalds-3': '#ffc600',","  'mcdonalds-4': '#47bc00',","  'mcdonalds-5': '#05007b',","  'mcdonalds-6': '#9748a8',","  'mcdonalds-7': '#2bb3f3',","  'mcdonalds-8': '#865200',","  'medium': '#2FB88B',","  'meetup': '#e0393e',","  'meijer': '#0a4d8c',","  'meijer-2': '#dd1321',","  'mercadolibre-com': '#ffe600',","  'mercadolibre-com-2': '#2d3277',","  'mic': '#21c1ff',","  'microsoft': '#f65314',","  'microsoft-2': '#7cbb00',","  'microsoft-3': '#00a1f1',","  'microsoft-4': '#ffbb00',","  'microsoft-band': '#783bd2',","  'microsoft-office': '#ea3e23',","  'mixpanel': '#a086d3',","  'mollie': '#c6d6df',","  'mollie-2': '#ec4534',","  'motorola': '#5c92fa',","  'mozilla': '#c13832',","  'mozilla-2': '#d7d3c8',","  'mozilla-3': '#4d4e53',","  'muut': '#1fadc5',","  'muut-2': '#ff8000',","  'myspace': '#000000',","  'nationwide': '#0071bf',","  'nationwide-2': '#000000',","  'nbc': '#e1ac26',","  'nbc-2': '#dc380f',","  'nbc-3': '#9f0812',","  'nbc-4': '#6347b2',","  'nbc-5': '#368dd5',","  'nbc-6': '#70af1e',","  'nbc-7': '#7e887a',","  'nc-state-university': '#cc0000',","  'nc-state-university-2': '#000000',","  'nest': '#00afd8',","  'nest-2': '#7b858e',","  'netflix': '#e50914',","  'netflix-2': '#221f1f',","  'netflix-3': '#f5f5f1',","  'netlicensing-1': '#E14817',","  'netlicensing-2': '#F08B53',","  'netlicensing-3': '#7B2A10',","  'netlicensing-4': '#AB6543',","  'netlicensing-5': '#F2951C',","  'netlicensing-6': '#87888A',","  'netvibes': '#39bd00',","  'new-balance': '#ce2724',","  'new-balance-2': '#f3ec19',","  'new-balance-3': '#207c88',","  'new-balance-4': '#aac1bf',","  'new-balance-5': '#e8e9d7',","  'new-balance-6': '#4c4d4f',","  'new-balance-7': '#231f20',","  'new-york-post': '#cc3333',","  'new-york-post-2': '#2a2a2a',","  'nextdoor': '#19975d',","  'nike-football': '#504847',","  'nike-football-2': '#27a770',","  'nikefuel': '#4bad31',","  'nikefuel-2': '#f5dc00',","  'nikefuel-3': '#e95814',","  'nikefuel-4': '#e2142d',","  'ning': '#75af42',","  'nokia': '#124191',","  'novartis': '#765438',","  'novartis-2': '#a13323',","  'novartis-3': '#e65124',","  'novartis-4': '#ec7f22',","  'novartis-5': '#f8b22a',","  'novartis-6': '#ffd430',","  'npm': '#cb3837',","  'ns': '#ffc61e',","  'ns-2': '#00337f',","  'nvidia': '#76b900',","  'odnoklassniki': '#ed812b',","  'office-sway': '#008272',","  'olark': '#8d989a',","  'olark-2': '#744da8',","  'olark-3': '#1fb3e0',","  'olark-4': '#49c219',","  'olark-5': '#f4dc2a',","  'olark-6': '#eeb417',","  'olark-7': '#d65129',","  'olympus': '#08107b',","  'olympus-2': '#dfb226',","  'olympus-3': '#777777',","  'onshape': '#1b5faa',","  'onshape-2': '#90cef1',","  'onshape-3': '#ffc20e',","  'oovoo': '#eeaf00',","  'opera': '#cc0f16',","  'opera-2': '#9c9e9f',","  'oracle': '#ff0000',","  'oracle-2': '#000000',","  'oracle-3': '#7f7f7f',","  'oxford-university-press': '#002147',","  'oxford-university-press-2': '#000000',","  'oxford-university-press-3': '#666666',","  'panasonic': '#0f58a8',","  'panasonic-2': '#000000',","  'pandora': '#005483',","  'path': '#ee3423',","  'patreon': '#e6461a',","  'paymill': '#f05000',","  'paypal': '#003087',","  'paypal-2': '#009cde',","  'paypal-3': '#012169',","  'paypal-dark': '#1e477a',","  'paypal-dark-2': '#3b7bbf',","  'pearson': '#ed6b06',","  'pearson-2': '#9d1348',","  'pearson-3': '#008b5d',","  'pearson-4': '#364395',","  'penguin-books': '#ff6900',","  'pepsi': '#e32934',","  'pepsi-2': '#004883',","  'pfizer': '#0093d0',","  'pfizer-10': '#f8971d',","  'pfizer-11': '#f7d417',","  'pfizer-12': '#4a245e',","  'pfizer-13': '#f26649',","  'pfizer-2': '#000000',","  'pfizer-3': '#616365',","  'pfizer-4': '#00aeef',","  'pfizer-5': '#d6006e',","  'pfizer-6': '#75d1e0',","  'pfizer-7': '#7dba00',","  'pfizer-8': '#cc292b',","  'pfizer-9': '#00a950',","  'philips': '#0e5fd8',","  'photobucket': '#0ea0db',","  'photobucket-2': '#000000',","  'php': '#8892be',","  'php-2': '#4f5b93',","  'php-3': '#99cc99',","  'pinboard': '#0000e6',","  'pinterest': '#bd081c',","  'pizza-hut': '#ee3124',","  'pizza-hut-2': '#00a160',","  'pizza-hut-3': '#ffc425',","  'plasso': '#6585ed',","  'plasso-2': '#f5756c',","  'plasso-3': '#98afc0',","  'plasso-4': '#2f3148',","  'plaxo': '#414f5a',","  'playstation': '#003087',","  'playstr': '#d91e18',","  'pocket': '#ef4056',","  'pocket-2': '#50bcb6',","  'portfolium': '#0099ff',","  'portfolium-2': '#fb0a2a',","  'portfolium-3': '#17ad49',","  'portfolium-4': '#333333',","  'postmates': '#000000',","  'postmates-2': '#36454f',","  'prezi': '#318bff',","  'priceline': '#1885bf',","  'product-hunt': '#da552f',","  'product-hunt-2': '#534540',","  'product-hunt-3': '#988f8c',","  'product-hunt-4': '#00b27f',","  'pusha': '#0f71b4',","  'qantas-airlines': '#e0001b',","  'qq': '#000000',","  'qq-2': '#FFA600',","  'qq-3': '#FB0009',","  'qq-4': '#FFFFFF',","  'quizup': '#ff5454',","  'quora': '#a82400',","  'quote-fm': '#66ceff',","  'razer': '#00ff00',","  'rdio': '#007dc3',","  'react': '#00d8ff',","  'readability': '#990000',","  'red-hat': '#cc0000',","  'reddit': '#ff4500',","  'reddit-2': '#5f99cf',","  'reddit-3': '#cee3f8',","  'redfin': '#a02021',","  'renaissance-hotels': '#000000',","  'renaissance-hotels-2': '#999999',","  'renaissance-hotels-3': '#ffffff',","  'renaissance-hotels-4': '#f58021',","  'rentler': '#ed1c27',","  'residence-inn': '#b32317',","  'residence-inn-2': '#f58025',","  'residence-inn-3': '#3a6e8f',","  'residence-inn-4': '#87b2d8',","  'residence-inn-5': '#8d8b00',","  'residence-inn-6': '#c1d72f',","  'resource': '#7eb400',","  'reverbnation': '#e43526',","  'rockpack': '#0ba6ab',","  'roku': '#6f1ab1',","  'rolls-royce': '#680021',","  'rolls-royce-2': '#fffaec',","  'rolls-royce-3': '#939598',","  'rolls-royce-4': '#000000',","  'roo-kids': '#e22027',","  'roo-kids-2': '#a1cd3d',","  'roo-kids-3': '#003e70',","  'roon': '#62b0d9',","  'rounds': '#fdd800',","  'rss': '#ee802f',","  'rss-2': '#f26522',","  'ruby': '#cc342d',","  'sainsburys': '#ec8a00',","  'salesforce': '#1589ee',","  'salesforce-2': '#ff1100',","  'samsung': '#1428a0',","  'samsung-10': '#00a9e0',","  'samsung-11': '#009ca6',","  'samsung-12': '#00b140',","  'samsung-2': '#75787b',","  'samsung-3': '#0689d8',","  'samsung-4': '#ffc600',","  'samsung-5': '#ff6900',","  'samsung-6': '#e4002b',","  'samsung-7': '#c800a1',","  'samsung-8': '#685bc7',","  'samsung-9': '#0057b8',","  'sap': '#003366',","  'sap-2': '#999999',","  'scratch': '#F7A83A',","  'scratch': '#25AFF4',","  'scribd': '#1a7bba',","  'shazam': '#0088ff',","  'shazam-10': '#949494',","  'shazam-11': '#e4e4e4',","  'shazam-12': '#f4f4f4',","  'shazam-2': '#ffaa00',","  'shazam-3': '#ff7700',","  'shazam-4': '#ff0033',","  'shazam-5': '#9911aa',","  'shazam-6': '#cc2288',","  'shazam-7': '#aadd22',","  'shazam-8': '#242424',","  'shazam-9': '#646464',","  'sherwin-williams': '#0168b3',","  'sherwin-williams-2': '#ee3e34',","  'shopify': '#96bf48',","  'shopify-2': '#479ccf',","  'shopify-3': '#2d3538',","  'shopify-4': '#f5f5f5',","  'shopify-5': '#f2f7fa',","  'shopify-6': '#666666',","  'sina': '#e71d34',","  'sina-2': '#232021',","  'skype': '#00aff0',","  'slack': '#6ecadc',","  'slack-2': '#e9a820',","  'slack-3': '#e01563',","  'slack-4': '#3eb991',","  'slideshare': '#0077b5',","  'smashing-magazine': '#e53b2c',","  'smashing-magazine-2': '#41b7d8',","  'snagajob': '#f47a20',","  'socialbro': '#29c4d0',","  'socialbro-2': '#f29556',","  'socialbro-3': '#84afa2',","  'socialbro-4': '#72c427',","  'socialbro-5': '#f24c7c',","  'socialbro-6': '#00aaf2',","  'softonic': '#008ace',","  'songkick': '#f80046',","  'sonicbids': '#ff6600',","  'sonicbids-2': '#0c88b1',","  'soundcloud': '#ff8800',","  'soundcloud-2': '#ff3300',","  'space-box': '#f86960',","  'spoken': '#fc00c1',","  'spoken-2': '#000000',","  'spotify': '#2ebd59',","  'sprint': '#ffe100',","  'square-cash': '#28c101',","  'squarespace': '#222222',","  'stackoverflow': '#fe7a15',","  'staples': '#cc0000',","  'staples-2': '#2c8aec',","  'staples-3': '#ffcc00',","  'starbucks': '#00704a',","  'status-chart': '#d7584f',","  'sterling-hotels': '#3b5a6f',","  'sterling-hotels-2': '#828a87',","  'sterling-hotels-3': '#000000',","  'sterling-hotels-4': '#9db7c4',","  'sterling-hotels-5': '#ccd7dd',","  'sterling-hotels-6': '#838f97',","  'sterling-hotels-7': '#002054',","  'storyful': '#f97200',","  'storyful-2': '#010101',","  'storyful-3': '#8b8b64',","  'storyful-4': '#bbbdc0',","  'strava': '#fc4c02',","  'streamable': '#0f90fa',","  'stripe': '#00afe1',","  'stubhub': '#004b91',","  'stubhub-2': '#ff7300',","  'studyblue': '#00afe1',","  'stumbleupon': '#eb4924',","  'subway': '#00543d',","  'subway-2': '#fef035',","  'subway-3': '#489e3b',","  'subway-4': '#fabd42',","  'subway-5': '#cd0a20',","  'sugarcrm': '#e61718',","  'sugarcrm-2': '#e8e9ea',","  'sugarcrm-3': '#595a5c',","  'sugarcrm-4': '#282828',","  'swarm': '#f06d1f',","  'swarm-2': '#ffa633',","  't-mobile': '#e20074',","  'taobao': '#FF4200',","  'tableless': '#D71E24',","  'tableless-2': '#303030',","  'tagstr': '#e74635',","  'tagstr-2': '#e74635',","  'technorati': '#339900',","  'ted': '#e62b1e',","  'telegram': '#0088cc',","  'tesco': '#ee1c2e',","  'tesco-2': '#00539f',","  'tesla': '#cc0000',","  'the-audience-awards': '#ee8421',","  'the-audience-awards-2': '#8c8a8a',","  'the-audience-awards-3': '#222222',","  'the-next-web': '#ff3c1f',","  'the-next-web-2': '#26313b',","  'the-next-web-3': '#4e5860',","  'the-next-web-4': '#a6abaf',","  'the-next-web-5': '#d9e0e2',","  'the-next-web-6': '#fafbfc',","  'the-ritz-carlton': '#006b95',","  'the-ritz-carlton-2': '#4f5b65',","  'the-ritz-carlton-3': '#b3812a',","  'the-ritz-carlton-4': '#a01a1f',","  'the-sun': '#ed1c24',","  'the-sun-2': '#b90c13',","  'the-sun-goals': '#00745e',","  'the-sun-goals-2': '#086556',","  'the-sun-perks': '#8560a8',","  'the-sun-perks-2': '#431c69',","  'the-times': '#000000',","  'thomson-reuters': '#ff8000',","  'thomson-reuters-2': '#555555',","  'thomson-reuters-3': '#444444',","  'thomson-reuters-4': '#666666',","  'thomson-reuters-5': '#cccccc',","  'thomson-reuters-6': '#e9e9e9',","  'thomson-reuters-7': '#f7f7f7',","  'tivo': '#da3d34',","  'tivo-2': '#00a480',","  'tivo-3': '#ed9f40',","  'tivo-4': '#6a76ac',","  'tivo-5': '#17170e',","  'tivo-6': '#534b38',","  'tivo-7': '#a6a480',","  'treehouse': '#6fbc6d',","  'treehouse-2': '#47535b',","  'trello': '#0079bf',","  'trello-10': '#c4c9cc',","  'trello-2': '#70b500',","  'trello-3': '#ff9f1a',","  'trello-4': '#eb5a46',","  'trello-5': '#f2d600',","  'trello-6': '#c377e0',","  'trello-7': '#ff78cb',","  'trello-8': '#00c2e0',","  'trello-9': '#51e898',","  'tripadvisor': '#589442',","  'trulia': '#5eab1f',","  'tumblr': '#35465c',","  'tunngle': '#c30f24',","  'turbotax': '#355ebe',","  'turbotax-2': '#d52b1d',","  'tvtag': '#f24e4e',","  'twitch-tv': '#6441a5',","  'twitter': '#55acee',","  'typekit': '#98ce1e',","  'typepad': '#d2de61',","  'typo3': '#ff8700',","  'uber': '#09091a',","  'uber-2': '#c0c0c8',","  'uber-3': '#1fbad6',","  'ubuntu': '#dd4814',","  'ubuntu-2': '#77216f',","  'ubuntu-3': '#5e2750',","  'ubuntu-4': '#2c001e',","  'ubuntu-5': '#aea79f',","  'ubuntu-6': '#333333',","  'uc-berkeley': '#003262',","  'uc-berkeley-2': '#3b7ea1',","  'uc-berkeley-3': '#fdb515',","  'uc-berkeley-4': '#c4820e',","  'ucsf': '#052049',","  'ucsf-2': '#18a3ac',","  'ucsf-3': '#90bd31',","  'ucsf-4': '#178ccb',","  'ucsf-5': '#f48024',","  'united-way': '#10167f',","  'united-way-10': '#969696',","  'united-way-11': '#7c81b8',","  'united-way-12': '#ff967d',","  'united-way-13': '#ffc87d',","  'united-way-2': '#fe230a',","  'united-way-3': '#ff9600',","  'united-way-4': '#000064',","  'united-way-5': '#b41428',","  'united-way-6': '#f57814',","  'united-way-7': '#e6d7aa',","  'united-way-8': '#505050',","  'united-way-9': '#f0e6c8',","  'unity': '#222c37',","  'unity-2': '#00cccc',","  'unity-3': '#fff600',","  'unity-4': '#ff0066',","  'unity-5': '#19e3b1',","  'unity-6': '#ff7f33',","  'unity-7': '#b83c82',","  'university-of-arizona': '#cc0033',","  'university-of-arizona-2': '#003366',","  'university-of-oregon': '#fce122',","  'university-of-oregon-2': '#18453b',","  'university-of-kentucky': '#005daa',","  'univision': '#c822b0',","  'ustream': '#3388ff',","  'utorrent': '#00853f',","  'verizon': '#ff0000',","  'verizon-2': '#f2f2f2',","  'verizon-3': '#3285dc',","  'viadeo': '#f07355',","  'viki': '#3c9cd7',","  'viki-2': '#d24663',","  'vimeo': '#162221',","  'vimeo-2': '#1ab7ea',","  'vine': '#00b488',","  'virb': '#1e91d0',","  'virgin-media': '#c3092d',","  'virgin-media-2': '#222221',","  'visualcv': '#31577a',","  'visually': '#14acf2',","  'visually-2': '#f04494',","  'visually-3': '#0ac578',","  'vkontakte': '#45668e',","  'vodafone': '#e60000',","  'vodafone-10': '#000000',","  'vodafone-2': '#4a4d4e',","  'vodafone-3': '#9c2aa0',","  'vodafone-4': '#5e2750',","  'vodafone-5': '#00b0ca',","  'vodafone-6': '#007c92',","  'vodafone-7': '#a8b400',","  'vodafone-8': '#fecb00',","  'vodafone-9': '#eb9800',","  'volvo': '#003057',","  'volvo-2': '#115740',","  'volvo-3': '#65665c',","  'volvo-4': '#425563',","  'volvo-5': '#517891',","  'volvo-6': '#212721',","  'walgreens': '#e31837',","  'walgreens-2': '#f37520',","  'walgreens-3': '#489cd4',","  'walgreens-4': '#2774a6',","  'walgreens-5': '#35393d',","  'walmart': '#007dc6',","  'walmart-2': '#79b9e7',","  'walmart-3': '#f47421',","  'walmart-4': '#76c143',","  'walmart-5': '#ffc120',","  'walmart-6': '#e7f0f7',","  'walmart-7': '#f2f8fd',","  'walmart-8': '#222222',","  'walmart-9': '#444444',","  'warby-parker': '#414b56',","  'warby-parker-2': '#00a2e1',","  'wave-apps': '#1c2d37',","  'wave-apps-2': '#4ec7c4',","  'wave-apps-3': '#00959f',","  'wave-apps-4': '#3b9bcc',","  'wechat': '#7bb32e',","  'weibo': '#e71d34',","  'weixin': '#93d034',","  'wendys': '#e2203d',","  'wendys-2': '#199fda',","  'western-digital': '#005195',","  'western-digital-2': '#028948',","  'western-digital-3': '#ffd400',","  'western-digital-4': '#0067b3',","  'western-digital-5': '#9d0a0e',","  'western-digital-6': '#003369',","  'whatsapp': '#25d366',","  'whoosnap-designer': '#2fa5d6',","  'whoosnap-designer-2': '#b52f2c',","  'windows': '#00bcf2',","  'windows-phone': '#68217a',","  'wolfram-alpha': '#f68d1e',","  'wooga': '#5b009c',","  'wordpress': '#21759b',","  'wordpress-2': '#d54e21',","  'wordpress-3': '#464646',","  'wordpress-com': '#0087be',","  'wordpress-com': '#1e8cbe',","  'wordpress-com-10': '#668eaa',","  'wordpress-com-11': '#4f748e',","  'wordpress-com-12': '#3d596d',","  'wordpress-com-13': '#2e4453',","  'wordpress-com-14': '#d54e21',","  'wordpress-com-15': '#f0821e',","  'wordpress-com-16': '#4ab866',","  'wordpress-com-17': '#f0b849',","  'wordpress-com-18': '#d94f4f',","  'wordpress-com-2': '#78dcfa',","  'wordpress-com-3': '#00aadc',","  'wordpress-com-4': '#005082',","  'wordpress-com-5': '#87a6bc',","  'wordpress-com-6': '#f3f6f8',","  'wordpress-com-7': '#e9eff3',","  'wordpress-com-9': '#a8bece',","  'world-organisation-of-the-scout-movement-wosm': '#622599',","  'world-organisation-of-the-scout-movement-wosm-10': '#999999',","  'world-organisation-of-the-scout-movement-wosm-2': '#0054a0',","  'world-organisation-of-the-scout-movement-wosm-3': '#aaba0a',","  'world-organisation-of-the-scout-movement-wosm-4': '#dd7500',","  'world-organisation-of-the-scout-movement-wosm-5': '#e23d28',","  'world-organisation-of-the-scout-movement-wosm-6': '#3d8e33',","  'world-organisation-of-the-scout-movement-wosm-7': '#3399ff',","  'world-organisation-of-the-scout-movement-wosm-8': '#ff3399',","  'world-organisation-of-the-scout-movement-wosm-9': '#fcd116',","  'worldline': '#0066a1',","  'wufoo': '#e66760',","  'wufoo-2': '#8c88cd',","  'wufoo-3': '#69c5e4',","  'wufoo-4': '#ffdf8b',","  'wufoo-5': '#61e064',","  'wunderlist': '#2b96f1',","  'xbox': '#52b043',","  'xing': '#026466',","  'xing-2': '#cfdc00',","  'xy-gaming': '#3299cc',","  'xy-gaming-2': '#333333',","  'yahoo': '#410093',","  'yandex': '#ffcc00',","  'yelp': '#af0606',","  'yo': '#9b59b6',","  'yo-10': '#1abc9c',","  'yo-2': '#e74c3c',","  'yo-3': '#8e44ad',","  'yo-4': '#2980b9',","  'yo-5': '#f1c40f',","  'yo-6': '#16a085',","  'yo-7': '#34495e',","  'yo-8': '#3498db',","  'yo-9': '#2ecc71',","  'youtube': '#cd201f',","  'zalongo': '#5498dc',","  'zapier': '#ff4a00',","  'zapier-2': '#fd7622',","  'zapier-3': '#ffc43e',","  'zapier-4': '#5f6c72',","  'zapier-5': '#499df3',","  'zapier-6': '#13d0ab',","  'zendesk': '#78a300',","  'zendesk-2': '#f1f1f1',","  'zendesk-3': '#444444',","  'zerply': '#9dbc7a',","  'zillow': '#1277e1',","  'zootool': '#5e8b1d',","  'zopim': '#ff9d3b'","};","","var brandColors = Object.keys(_brandColors).map(function(key){","  return {name: key, color: _brandColors[key]}","});","","function getAll() {","  return brandColors;","}","","function find(name) {","  return brandColors.filter(function(brand){","    return brand.name === name;","  });","}","","exports.getAll = getAll;","exports.find = find;",""],"l":{"8":1,"1169":1,"1170":1156,"1173":1,"1174":0,"1177":1,"1178":0,"1179":0,"1183":1,"1184":1}},"/home/travis/build/npmtest/node-npmtest-brand-colors/node_modules/brand-colors/gulpfile.js":{"path":"/home/travis/build/npmtest/node-npmtest-brand-colors/node_modules/brand-colors/gulpfile.js","s":{"1":2,"2":0,"3":0,"4":0,"5":0,"6":0,"7":0},"b":{},"f":{"1":0},"fnMap":{"1":{"name":"(anonymous_1)","line":15,"loc":{"start":{"line":15,"column":35},"end":{"line":15,"column":46}}}},"statementMap":{"1":{"start":{"line":4,"column":0},"end":{"line":7,"column":40}},"2":{"start":{"line":9,"column":0},"end":{"line":9,"column":26}},"3":{"start":{"line":11,"column":0},"end":{"line":11,"column":33}},"4":{"start":{"line":12,"column":0},"end":{"line":12,"column":34}},"5":{"start":{"line":13,"column":0},"end":{"line":13,"column":35}},"6":{"start":{"line":15,"column":0},"end":{"line":18,"column":3}},"7":{"start":{"line":16,"column":2},"end":{"line":17,"column":23}}},"branchMap":{},"code":["/* jshint node: true */","'use strict';","","var gulp = require('gulp'),","    g = require('gulp-load-plugins')({lazy: false}),","    noop = g.util.noop,","    requireDir = require('require-dir');","","requireDir('./gulptasks');","","gulp.task('help', g.taskListing);","gulp.task('dev', ['live-server']);","gulp.task('dist', ['styles-dist']);","","gulp.task('deploy', ['dev-build'] ,function() {","  return gulp.src(['./.tmp/**/*'])","    .pipe(g.ghPages());","});","",""],"l":{"4":2,"9":0,"11":0,"12":0,"13":0,"15":0,"16":0}},"/home/travis/build/npmtest/node-npmtest-brand-colors/node_modules/brand-colors/hook.io.js":{"path":"/home/travis/build/npmtest/node-npmtest-brand-colors/node_modules/brand-colors/hook.io.js","s":{"1":1,"2":0,"3":0,"4":0,"5":0,"6":0,"7":0,"8":0,"9":0,"10":0,"11":0,"12":0,"13":0,"14":0,"15":0,"16":0,"17":0,"18":0,"19":0,"20":0,"21":0,"22":0,"23":0},"b":{"1":[0,0],"2":[0,0],"3":[0,0],"4":[0,0],"5":[0,0],"6":[0,0],"7":[0,0],"8":[0,0]},"f":{"1":0,"2":0,"3":0},"fnMap":{"1":{"name":"echoHttp","line":1,"loc":{"start":{"line":1,"column":20},"end":{"line":1,"column":45}}},"2":{"name":"(anonymous_2)","line":21,"loc":{"start":{"line":21,"column":23},"end":{"line":21,"column":43}}},"3":{"name":"(anonymous_3)","line":51,"loc":{"start":{"line":51,"column":9},"end":{"line":51,"column":30}}}},"statementMap":{"1":{"start":{"line":1,"column":0},"end":{"line":57,"column":1}},"2":{"start":{"line":2,"column":2},"end":{"line":4,"column":21}},"3":{"start":{"line":6,"column":2},"end":{"line":6,"column":89}},"4":{"start":{"line":6,"column":32},"end":{"line":6,"column":89}},"5":{"start":{"line":7,"column":2},"end":{"line":7,"column":90}},"6":{"start":{"line":7,"column":32},"end":{"line":7,"column":90}},"7":{"start":{"line":8,"column":2},"end":{"line":8,"column":89}},"8":{"start":{"line":8,"column":32},"end":{"line":8,"column":89}},"9":{"start":{"line":10,"column":2},"end":{"line":19,"column":5}},"10":{"start":{"line":21,"column":2},"end":{"line":56,"column":7}},"11":{"start":{"line":22,"column":6},"end":{"line":22,"column":81}},"12":{"start":{"line":22,"column":15},"end":{"line":22,"column":81}},"13":{"start":{"line":24,"column":6},"end":{"line":27,"column":9}},"14":{"start":{"line":29,"column":6},"end":{"line":33,"column":7}},"15":{"start":{"line":35,"column":6},"end":{"line":37,"column":7}},"16":{"start":{"line":36,"column":8},"end":{"line":36,"column":50}},"17":{"start":{"line":39,"column":6},"end":{"line":39,"column":34}},"18":{"start":{"line":42,"column":6},"end":{"line":44,"column":7}},"19":{"start":{"line":43,"column":8},"end":{"line":43,"column":47}},"20":{"start":{"line":46,"column":6},"end":{"line":55,"column":8}},"21":{"start":{"line":52,"column":8},"end":{"line":52,"column":73}},"22":{"start":{"line":52,"column":17},"end":{"line":52,"column":73}},"23":{"start":{"line":54,"column":8},"end":{"line":54,"column":18}}},"branchMap":{"1":{"line":6,"type":"if","locations":[{"start":{"line":6,"column":2},"end":{"line":6,"column":2}},{"start":{"line":6,"column":2},"end":{"line":6,"column":2}}]},"2":{"line":7,"type":"if","locations":[{"start":{"line":7,"column":2},"end":{"line":7,"column":2}},{"start":{"line":7,"column":2},"end":{"line":7,"column":2}}]},"3":{"line":8,"type":"if","locations":[{"start":{"line":8,"column":2},"end":{"line":8,"column":2}},{"start":{"line":8,"column":2},"end":{"line":8,"column":2}}]},"4":{"line":22,"type":"if","locations":[{"start":{"line":22,"column":6},"end":{"line":22,"column":6}},{"start":{"line":22,"column":6},"end":{"line":22,"column":6}}]},"5":{"line":32,"type":"binary-expr","locations":[{"start":{"line":32,"column":23},"end":{"line":32,"column":46}},{"start":{"line":32,"column":50},"end":{"line":32,"column":54}}]},"6":{"line":35,"type":"if","locations":[{"start":{"line":35,"column":6},"end":{"line":35,"column":6}},{"start":{"line":35,"column":6},"end":{"line":35,"column":6}}]},"7":{"line":42,"type":"if","locations":[{"start":{"line":42,"column":6},"end":{"line":42,"column":6}},{"start":{"line":42,"column":6},"end":{"line":42,"column":6}}]},"8":{"line":52,"type":"if","locations":[{"start":{"line":52,"column":8},"end":{"line":52,"column":8}},{"start":{"line":52,"column":8},"end":{"line":52,"column":8}}]}},"code":["module['exports'] = function echoHttp (hook) {","  var GitHubApi = require('github'),","      store = hook.datastore,","      res = hook.res;","","  if(!hook.params.brandName)    return res.status(400).json({error:'missing brandName'});","  if(!hook.params.brandColor)   return res.status(400).json({error:'missing brandColor'});","  if(!hook.params.brandName)    return res.status(400).json({error:'missing brandName'});","","  var github = new GitHubApi({","      // required","      version: \"3.0.0\",","      protocol: \"https\",","      host: \"api.github.com\", // should be api.github.com for GitHub","      timeout: 5000,","      headers: {","          \"user-agent\": \"brand-colors-bot\" // GitHub is happy with a unique user agent","      }","  });","","  store.get('authKey', function(err, token){","      if (err) return res.status(500).json({error:'missing internal auth keys'});","","      github.authenticate({","        type: \"oauth\",","        token: token","      });","","      var body = {","        brandName : hook.params.brandName,","        brandColor : hook.params.brandColor,","        brandSource : (hook.params.brandSource)|| null,","      }","","      if (hook.params.brandSource){","        body.brandSoure = hook.params.brandSource;","      }","","      body = JSON.stringify(body);","","","      if (hook.params.message){","        body.body = '\\n' + hook.params.message;","      }","","      github.issues.create({","        user  : 'reimertz',","        repo  : 'brand-colors',","        title   : 'BOT: Add ' + hook.params.brandName + \" : \" + hook.params.brandColor,","        body  : body","      }, function(err, result){","        if (err) return res.status(500).json({error:'github messed up'});","","        res.end();","      })","    });","}"],"l":{"1":1,"2":0,"6":0,"7":0,"8":0,"10":0,"21":0,"22":0,"24":0,"29":0,"35":0,"36":0,"39":0,"42":0,"43":0,"46":0,"52":0,"54":0}},"/home/travis/build/npmtest/node-npmtest-brand-colors/node_modules/brand-colors/gulptasks/dev.js":{"path":"/home/travis/build/npmtest/node-npmtest-brand-colors/node_modules/brand-colors/gulptasks/dev.js","s":{"1":2,"2":1,"3":0,"4":0,"5":1,"6":0,"7":0,"8":0,"9":0,"10":0,"11":0,"12":0,"13":0,"14":0,"15":0,"16":0,"17":0,"18":0,"19":0,"20":0,"21":0,"22":0,"23":0,"24":0,"25":0,"26":0},"b":{},"f":{"1":0,"2":0,"3":0,"4":0,"5":0,"6":0,"7":0,"8":0,"9":0},"fnMap":{"1":{"name":"requireUncached","line":8,"loc":{"start":{"line":8,"column":0},"end":{"line":8,"column":32}}},"2":{"name":"getTemplateData","line":13,"loc":{"start":{"line":13,"column":0},"end":{"line":13,"column":27}}},"3":{"name":"(anonymous_3)","line":20,"loc":{"start":{"line":20,"column":24},"end":{"line":20,"column":36}}},"4":{"name":"(anonymous_4)","line":25,"loc":{"start":{"line":25,"column":34},"end":{"line":25,"column":46}}},"5":{"name":"(anonymous_5)","line":34,"loc":{"start":{"line":34,"column":22},"end":{"line":34,"column":34}}},"6":{"name":"(anonymous_6)","line":42,"loc":{"start":{"line":42,"column":22},"end":{"line":42,"column":34}}},"7":{"name":"(anonymous_7)","line":51,"loc":{"start":{"line":51,"column":20},"end":{"line":51,"column":32}}},"8":{"name":"(anonymous_8)","line":58,"loc":{"start":{"line":58,"column":40},"end":{"line":58,"column":50}}},"9":{"name":"(anonymous_9)","line":66,"loc":{"start":{"line":66,"column":25},"end":{"line":66,"column":40}}}},"statementMap":{"1":{"start":{"line":4,"column":0},"end":{"line":5,"column":52}},"2":{"start":{"line":8,"column":0},"end":{"line":11,"column":1}},"3":{"start":{"line":9,"column":4},"end":{"line":9,"column":50}},"4":{"start":{"line":10,"column":4},"end":{"line":10,"column":27}},"5":{"start":{"line":13,"column":0},"end":{"line":18,"column":1}},"6":{"start":{"line":14,"column":2},"end":{"line":17,"column":4}},"7":{"start":{"line":20,"column":0},"end":{"line":23,"column":3}},"8":{"start":{"line":21,"column":2},"end":{"line":22,"column":29}},"9":{"start":{"line":25,"column":0},"end":{"line":32,"column":3}},"10":{"start":{"line":26,"column":2},"end":{"line":31,"column":45}},"11":{"start":{"line":34,"column":0},"end":{"line":40,"column":3}},"12":{"start":{"line":35,"column":2},"end":{"line":39,"column":29}},"13":{"start":{"line":42,"column":0},"end":{"line":49,"column":3}},"14":{"start":{"line":43,"column":2},"end":{"line":48,"column":30}},"15":{"start":{"line":51,"column":0},"end":{"line":54,"column":3}},"16":{"start":{"line":52,"column":2},"end":{"line":53,"column":30}},"17":{"start":{"line":56,"column":0},"end":{"line":56,"column":93}},"18":{"start":{"line":58,"column":0},"end":{"line":69,"column":2}},"19":{"start":{"line":59,"column":2},"end":{"line":59,"column":52}},"20":{"start":{"line":60,"column":2},"end":{"line":60,"column":17}},"21":{"start":{"line":61,"column":2},"end":{"line":61,"column":76}},"22":{"start":{"line":62,"column":2},"end":{"line":62,"column":54}},"23":{"start":{"line":63,"column":2},"end":{"line":63,"column":47}},"24":{"start":{"line":64,"column":2},"end":{"line":64,"column":43}},"25":{"start":{"line":66,"column":2},"end":{"line":68,"column":5}},"26":{"start":{"line":67,"column":4},"end":{"line":67,"column":40}}},"branchMap":{},"code":["/* jshint node: true */","'use strict';","","var gulp = require('gulp'),","    g = require('gulp-load-plugins')({lazy: false});","","","function requireUncached(module){","    delete require.cache[require.resolve(module)];","    return require(module);","}","","function getTemplateData() {","  return {","    version: requireUncached('../package.json').version,","    companies: requireUncached('../data/brandColors.js').getAll()","  };","}","","gulp.task('dev-extras', function () {","  return gulp.src(['./app/CNAME', './app/favicon.ico'])","    .pipe(gulp.dest('.tmp/'))","});","","gulp.task('dev-brand-colors-css', function () {","  return gulp.src(['templates/brand-colors.css'])","    .on('error', g.notify.onError('<%= error.message%>'))","    .pipe(g.data(getTemplateData()))","    .pipe(g.swig())","    .pipe(g.rename('brand-colors.latest.css'))","    .pipe(gulp.dest('.tmp/dist/latest/css/'))","});","","gulp.task('dev-scss', function () {","  return gulp.src(['./app/stylesheets/main.scss'])","    .on('error', g.notify.onError('<%= error.message%>'))","    .pipe(g.sass())","    .pipe(g.rename('styles.css'))","    .pipe(gulp.dest('.tmp/'))","});","","gulp.task('dev-jade', function () {","  return gulp.src(['./app/index.jade'])","    .pipe(g.jade({","      locals: getTemplateData(),","      pretty: true,","    }))","    .pipe(gulp.dest('.tmp/'));","});","","gulp.task('dev-js', function () {","  return gulp.src(['./app/scripts/index.js'])","    .pipe(gulp.dest('.tmp/'));","});","","gulp.task('dev-build', ['dev-brand-colors-css','dev-scss','dev-jade','dev-js', 'dev-extras'])","","gulp.task('live-server', ['dev-build'], function(){","  var server = g.liveServer.static(['.tmp/'], 3000);","  server.start();","  gulp.watch('./data/brandColors.js', ['dev-brand-colors-css', 'dev-jade']);","  gulp.watch('./app/stylesheets/*.scss', ['dev-css']);","  gulp.watch('./app/scripts/*.js', ['dev-js']);","  gulp.watch('./app/*.jade', ['dev-jade']);","","  gulp.watch('./.tmp/*', function (file){","    server.notify.apply(server, [file]);","  });","})"],"l":{"4":2,"8":1,"9":0,"10":0,"13":1,"14":0,"20":0,"21":0,"25":0,"26":0,"34":0,"35":0,"42":0,"43":0,"51":0,"52":0,"56":0,"58":0,"59":0,"60":0,"61":0,"62":0,"63":0,"64":0,"66":0,"67":0}}}